{"E:\\HERI\\final project\\backEnd\\index.js": {"path":"E:\\HERI\\final project\\backEnd\\index.js","statementMap":{"0":{"start":{"line":1,"column":16},"end":{"line":1,"column":34}},"1":{"start":{"line":2,"column":13},"end":{"line":2,"column":28}},"2":{"start":{"line":4,"column":15},"end":{"line":4,"column":38}},"3":{"start":{"line":7,"column":12},"end":{"line":7,"column":21}},"4":{"start":{"line":10,"column":0},"end":{"line":14,"column":2}},"5":{"start":{"line":15,"column":0},"end":{"line":15,"column":24}},"6":{"start":{"line":16,"column":0},"end":{"line":16,"column":16}},"7":{"start":{"line":17,"column":0},"end":{"line":17,"column":16}},"8":{"start":{"line":20,"column":0},"end":{"line":20,"column":21}}},"fnMap":{},"branchMap":{},"s":{"0":5,"1":5,"2":5,"3":5,"4":5,"5":5,"6":5,"7":5,"8":5},"f":{},"b":{},"_coverageSchema":"1a1c01bbd47fc00a2c39e90264f33305004495a9","hash":"2f47201523977b76962f60e3ec33e1617a0cfb18"}
,"E:\\HERI\\final project\\backEnd\\app\\controllers\\airplaneController.js": {"path":"E:\\HERI\\final project\\backEnd\\app\\controllers\\airplaneController.js","statementMap":{"0":{"start":{"line":1,"column":22},"end":{"line":1,"column":42}},"1":{"start":{"line":3,"column":20},"end":{"line":15,"column":1}},"2":{"start":{"line":4,"column":2},"end":{"line":14,"column":3}},"3":{"start":{"line":5,"column":25},"end":{"line":5,"column":49}},"4":{"start":{"line":6,"column":4},"end":{"line":9,"column":7}},"5":{"start":{"line":11,"column":4},"end":{"line":13,"column":7}},"6":{"start":{"line":17,"column":24},"end":{"line":30,"column":1}},"7":{"start":{"line":18,"column":2},"end":{"line":29,"column":3}},"8":{"start":{"line":19,"column":20},"end":{"line":19,"column":30}},"9":{"start":{"line":20,"column":19},"end":{"line":20,"column":62}},"10":{"start":{"line":21,"column":4},"end":{"line":24,"column":7}},"11":{"start":{"line":26,"column":4},"end":{"line":28,"column":7}},"12":{"start":{"line":32,"column":20},"end":{"line":44,"column":1}},"13":{"start":{"line":33,"column":2},"end":{"line":43,"column":3}},"14":{"start":{"line":34,"column":22},"end":{"line":34,"column":53}},"15":{"start":{"line":35,"column":4},"end":{"line":38,"column":7}},"16":{"start":{"line":40,"column":4},"end":{"line":42,"column":7}},"17":{"start":{"line":46,"column":23},"end":{"line":58,"column":1}},"18":{"start":{"line":47,"column":2},"end":{"line":57,"column":3}},"19":{"start":{"line":48,"column":20},"end":{"line":48,"column":30}},"20":{"start":{"line":49,"column":4},"end":{"line":49,"column":57}},"21":{"start":{"line":50,"column":4},"end":{"line":52,"column":7}},"22":{"start":{"line":54,"column":4},"end":{"line":56,"column":7}},"23":{"start":{"line":60,"column":23},"end":{"line":72,"column":1}},"24":{"start":{"line":61,"column":2},"end":{"line":71,"column":3}},"25":{"start":{"line":62,"column":20},"end":{"line":62,"column":30}},"26":{"start":{"line":63,"column":4},"end":{"line":63,"column":48}},"27":{"start":{"line":64,"column":4},"end":{"line":66,"column":7}},"28":{"start":{"line":68,"column":4},"end":{"line":70,"column":7}},"29":{"start":{"line":74,"column":0},"end":{"line":80,"column":2}}},"fnMap":{"0":{"name":"(anonymous_0)","decl":{"start":{"line":3,"column":20},"end":{"line":3,"column":21}},"loc":{"start":{"line":3,"column":40},"end":{"line":15,"column":1}},"line":3},"1":{"name":"(anonymous_1)","decl":{"start":{"line":17,"column":24},"end":{"line":17,"column":25}},"loc":{"start":{"line":17,"column":44},"end":{"line":30,"column":1}},"line":17},"2":{"name":"(anonymous_2)","decl":{"start":{"line":32,"column":20},"end":{"line":32,"column":21}},"loc":{"start":{"line":32,"column":40},"end":{"line":44,"column":1}},"line":32},"3":{"name":"(anonymous_3)","decl":{"start":{"line":46,"column":23},"end":{"line":46,"column":24}},"loc":{"start":{"line":46,"column":43},"end":{"line":58,"column":1}},"line":46},"4":{"name":"(anonymous_4)","decl":{"start":{"line":60,"column":23},"end":{"line":60,"column":24}},"loc":{"start":{"line":60,"column":43},"end":{"line":72,"column":1}},"line":60}},"branchMap":{"0":{"loc":{"start":{"line":11,"column":15},"end":{"line":11,"column":38}},"type":"binary-expr","locations":[{"start":{"line":11,"column":15},"end":{"line":11,"column":31}},{"start":{"line":11,"column":35},"end":{"line":11,"column":38}}],"line":11},"1":{"loc":{"start":{"line":26,"column":15},"end":{"line":26,"column":38}},"type":"binary-expr","locations":[{"start":{"line":26,"column":15},"end":{"line":26,"column":31}},{"start":{"line":26,"column":35},"end":{"line":26,"column":38}}],"line":26},"2":{"loc":{"start":{"line":40,"column":15},"end":{"line":40,"column":38}},"type":"binary-expr","locations":[{"start":{"line":40,"column":15},"end":{"line":40,"column":31}},{"start":{"line":40,"column":35},"end":{"line":40,"column":38}}],"line":40},"3":{"loc":{"start":{"line":54,"column":15},"end":{"line":54,"column":38}},"type":"binary-expr","locations":[{"start":{"line":54,"column":15},"end":{"line":54,"column":31}},{"start":{"line":54,"column":35},"end":{"line":54,"column":38}}],"line":54},"4":{"loc":{"start":{"line":68,"column":15},"end":{"line":68,"column":38}},"type":"binary-expr","locations":[{"start":{"line":68,"column":15},"end":{"line":68,"column":31}},{"start":{"line":68,"column":35},"end":{"line":68,"column":38}}],"line":68}},"s":{"0":5,"1":5,"2":1,"3":1,"4":1,"5":0,"6":5,"7":1,"8":1,"9":1,"10":1,"11":0,"12":5,"13":0,"14":0,"15":0,"16":0,"17":5,"18":0,"19":0,"20":0,"21":0,"22":0,"23":5,"24":0,"25":0,"26":0,"27":0,"28":0,"29":5},"f":{"0":1,"1":1,"2":0,"3":0,"4":0},"b":{"0":[0,0],"1":[0,0],"2":[0,0],"3":[0,0],"4":[0,0]},"_coverageSchema":"1a1c01bbd47fc00a2c39e90264f33305004495a9","hash":"078ca9934399b030507c44990773e13a8559fa4c"}
,"E:\\HERI\\final project\\backEnd\\app\\controllers\\airportController.js": {"path":"E:\\HERI\\final project\\backEnd\\app\\controllers\\airportController.js","statementMap":{"0":{"start":{"line":1,"column":21},"end":{"line":1,"column":41}},"1":{"start":{"line":3,"column":19},"end":{"line":15,"column":1}},"2":{"start":{"line":4,"column":2},"end":{"line":14,"column":3}},"3":{"start":{"line":5,"column":21},"end":{"line":5,"column":44}},"4":{"start":{"line":6,"column":4},"end":{"line":9,"column":7}},"5":{"start":{"line":11,"column":4},"end":{"line":13,"column":7}},"6":{"start":{"line":17,"column":24},"end":{"line":29,"column":1}},"7":{"start":{"line":18,"column":2},"end":{"line":28,"column":3}},"8":{"start":{"line":19,"column":20},"end":{"line":19,"column":30}},"9":{"start":{"line":20,"column":20},"end":{"line":20,"column":62}},"10":{"start":{"line":21,"column":4},"end":{"line":23,"column":7}},"11":{"start":{"line":25,"column":4},"end":{"line":27,"column":7}},"12":{"start":{"line":31,"column":19},"end":{"line":43,"column":1}},"13":{"start":{"line":32,"column":2},"end":{"line":42,"column":3}},"14":{"start":{"line":33,"column":23},"end":{"line":33,"column":53}},"15":{"start":{"line":34,"column":4},"end":{"line":37,"column":7}},"16":{"start":{"line":39,"column":4},"end":{"line":41,"column":7}},"17":{"start":{"line":45,"column":22},"end":{"line":57,"column":1}},"18":{"start":{"line":46,"column":2},"end":{"line":56,"column":3}},"19":{"start":{"line":47,"column":20},"end":{"line":47,"column":30}},"20":{"start":{"line":48,"column":4},"end":{"line":48,"column":56}},"21":{"start":{"line":49,"column":4},"end":{"line":51,"column":7}},"22":{"start":{"line":53,"column":4},"end":{"line":55,"column":7}},"23":{"start":{"line":59,"column":22},"end":{"line":71,"column":1}},"24":{"start":{"line":60,"column":2},"end":{"line":70,"column":3}},"25":{"start":{"line":61,"column":20},"end":{"line":61,"column":30}},"26":{"start":{"line":62,"column":4},"end":{"line":62,"column":47}},"27":{"start":{"line":63,"column":4},"end":{"line":65,"column":7}},"28":{"start":{"line":67,"column":4},"end":{"line":69,"column":7}},"29":{"start":{"line":73,"column":0},"end":{"line":79,"column":2}}},"fnMap":{"0":{"name":"(anonymous_0)","decl":{"start":{"line":3,"column":19},"end":{"line":3,"column":20}},"loc":{"start":{"line":3,"column":39},"end":{"line":15,"column":1}},"line":3},"1":{"name":"(anonymous_1)","decl":{"start":{"line":17,"column":24},"end":{"line":17,"column":25}},"loc":{"start":{"line":17,"column":44},"end":{"line":29,"column":1}},"line":17},"2":{"name":"(anonymous_2)","decl":{"start":{"line":31,"column":19},"end":{"line":31,"column":20}},"loc":{"start":{"line":31,"column":39},"end":{"line":43,"column":1}},"line":31},"3":{"name":"(anonymous_3)","decl":{"start":{"line":45,"column":22},"end":{"line":45,"column":23}},"loc":{"start":{"line":45,"column":42},"end":{"line":57,"column":1}},"line":45},"4":{"name":"(anonymous_4)","decl":{"start":{"line":59,"column":22},"end":{"line":59,"column":23}},"loc":{"start":{"line":59,"column":42},"end":{"line":71,"column":1}},"line":59}},"branchMap":{"0":{"loc":{"start":{"line":11,"column":15},"end":{"line":11,"column":38}},"type":"binary-expr","locations":[{"start":{"line":11,"column":15},"end":{"line":11,"column":31}},{"start":{"line":11,"column":35},"end":{"line":11,"column":38}}],"line":11},"1":{"loc":{"start":{"line":25,"column":15},"end":{"line":25,"column":38}},"type":"binary-expr","locations":[{"start":{"line":25,"column":15},"end":{"line":25,"column":31}},{"start":{"line":25,"column":35},"end":{"line":25,"column":38}}],"line":25},"2":{"loc":{"start":{"line":39,"column":15},"end":{"line":39,"column":38}},"type":"binary-expr","locations":[{"start":{"line":39,"column":15},"end":{"line":39,"column":31}},{"start":{"line":39,"column":35},"end":{"line":39,"column":38}}],"line":39},"3":{"loc":{"start":{"line":53,"column":15},"end":{"line":53,"column":38}},"type":"binary-expr","locations":[{"start":{"line":53,"column":15},"end":{"line":53,"column":31}},{"start":{"line":53,"column":35},"end":{"line":53,"column":38}}],"line":53},"4":{"loc":{"start":{"line":67,"column":15},"end":{"line":67,"column":38}},"type":"binary-expr","locations":[{"start":{"line":67,"column":15},"end":{"line":67,"column":31}},{"start":{"line":67,"column":35},"end":{"line":67,"column":38}}],"line":67}},"s":{"0":5,"1":5,"2":1,"3":1,"4":1,"5":0,"6":5,"7":1,"8":1,"9":1,"10":1,"11":0,"12":5,"13":0,"14":0,"15":0,"16":0,"17":5,"18":0,"19":0,"20":0,"21":0,"22":0,"23":5,"24":0,"25":0,"26":0,"27":0,"28":0,"29":5},"f":{"0":1,"1":1,"2":0,"3":0,"4":0},"b":{"0":[0,0],"1":[0,0],"2":[0,0],"3":[0,0],"4":[0,0]},"_coverageSchema":"1a1c01bbd47fc00a2c39e90264f33305004495a9","hash":"19023d0b76b3ddc0bf29f39dd3e66703c8d53cde"}
,"E:\\HERI\\final project\\backEnd\\app\\controllers\\authController.js": {"path":"E:\\HERI\\final project\\backEnd\\app\\controllers\\authController.js","statementMap":{"0":{"start":{"line":1,"column":15},"end":{"line":1,"column":32}},"1":{"start":{"line":2,"column":24},"end":{"line":2,"column":39}},"2":{"start":{"line":3,"column":12},"end":{"line":3,"column":35}},"3":{"start":{"line":4,"column":15},"end":{"line":4,"column":32}},"4":{"start":{"line":5,"column":17},"end":{"line":5,"column":46}},"5":{"start":{"line":6,"column":17},"end":{"line":6,"column":48}},"6":{"start":{"line":7,"column":27},"end":{"line":7,"column":47}},"7":{"start":{"line":8,"column":17},"end":{"line":8,"column":48}},"8":{"start":{"line":9,"column":21},"end":{"line":9,"column":59}},"9":{"start":{"line":11,"column":20},"end":{"line":11,"column":28}},"10":{"start":{"line":12,"column":0},"end":{"line":12,"column":16}},"11":{"start":{"line":14,"column":14},"end":{"line":46,"column":1}},"12":{"start":{"line":15,"column":2},"end":{"line":45,"column":3}},"13":{"start":{"line":16,"column":43},"end":{"line":16,"column":51}},"14":{"start":{"line":17,"column":17},"end":{"line":17,"column":60}},"15":{"start":{"line":19,"column":4},"end":{"line":19,"column":65}},"16":{"start":{"line":19,"column":15},"end":{"line":19,"column":65}},"17":{"start":{"line":20,"column":4},"end":{"line":22,"column":5}},"18":{"start":{"line":21,"column":6},"end":{"line":21,"column":49}},"19":{"start":{"line":24,"column":23},"end":{"line":24,"column":36}},"20":{"start":{"line":25,"column":4},"end":{"line":25,"column":74}},"21":{"start":{"line":25,"column":21},"end":{"line":25,"column":74}},"22":{"start":{"line":26,"column":4},"end":{"line":40,"column":5}},"23":{"start":{"line":28,"column":20},"end":{"line":33,"column":7}},"24":{"start":{"line":34,"column":6},"end":{"line":39,"column":9}},"25":{"start":{"line":42,"column":4},"end":{"line":44,"column":7}},"26":{"start":{"line":48,"column":17},"end":{"line":121,"column":1}},"27":{"start":{"line":49,"column":2},"end":{"line":120,"column":3}},"28":{"start":{"line":62,"column":8},"end":{"line":62,"column":16}},"29":{"start":{"line":64,"column":17},"end":{"line":64,"column":60}},"30":{"start":{"line":65,"column":26},"end":{"line":65,"column":72}},"31":{"start":{"line":67,"column":26},"end":{"line":67,"column":45}},"32":{"start":{"line":68,"column":4},"end":{"line":68,"column":69}},"33":{"start":{"line":68,"column":16},"end":{"line":68,"column":69}},"34":{"start":{"line":69,"column":4},"end":{"line":69,"column":70}},"35":{"start":{"line":69,"column":24},"end":{"line":69,"column":70}},"36":{"start":{"line":70,"column":4},"end":{"line":70,"column":75}},"37":{"start":{"line":70,"column":19},"end":{"line":70,"column":75}},"38":{"start":{"line":71,"column":4},"end":{"line":71,"column":71}},"39":{"start":{"line":71,"column":19},"end":{"line":71,"column":71}},"40":{"start":{"line":72,"column":4},"end":{"line":72,"column":75}},"41":{"start":{"line":72,"column":19},"end":{"line":72,"column":75}},"42":{"start":{"line":73,"column":4},"end":{"line":73,"column":64}},"43":{"start":{"line":73,"column":14},"end":{"line":73,"column":64}},"44":{"start":{"line":74,"column":4},"end":{"line":74,"column":76}},"45":{"start":{"line":74,"column":23},"end":{"line":74,"column":76}},"46":{"start":{"line":75,"column":4},"end":{"line":77,"column":5}},"47":{"start":{"line":76,"column":6},"end":{"line":76,"column":70}},"48":{"start":{"line":79,"column":27},"end":{"line":79,"column":56}},"49":{"start":{"line":81,"column":20},"end":{"line":93,"column":6}},"50":{"start":{"line":96,"column":17},"end":{"line":96,"column":49}},"51":{"start":{"line":97,"column":18},"end":{"line":97,"column":47}},"52":{"start":{"line":98,"column":4},"end":{"line":102,"column":7}},"53":{"start":{"line":103,"column":17},"end":{"line":108,"column":5}},"54":{"start":{"line":109,"column":4},"end":{"line":109,"column":19}},"55":{"start":{"line":111,"column":4},"end":{"line":115,"column":7}},"56":{"start":{"line":117,"column":4},"end":{"line":119,"column":7}},"57":{"start":{"line":123,"column":17},"end":{"line":151,"column":1}},"58":{"start":{"line":124,"column":2},"end":{"line":150,"column":3}},"59":{"start":{"line":125,"column":21},"end":{"line":125,"column":36}},"60":{"start":{"line":126,"column":21},"end":{"line":128,"column":6}},"61":{"start":{"line":129,"column":24},"end":{"line":129,"column":42}},"62":{"start":{"line":130,"column":20},"end":{"line":130,"column":30}},"63":{"start":{"line":131,"column":4},"end":{"line":133,"column":5}},"64":{"start":{"line":132,"column":6},"end":{"line":132,"column":47}},"65":{"start":{"line":134,"column":23},"end":{"line":141,"column":5}},"66":{"start":{"line":142,"column":4},"end":{"line":145,"column":7}},"67":{"start":{"line":147,"column":4},"end":{"line":149,"column":7}},"68":{"start":{"line":154,"column":22},"end":{"line":202,"column":1}},"69":{"start":{"line":155,"column":18},"end":{"line":155,"column":26}},"70":{"start":{"line":156,"column":20},"end":{"line":156,"column":23}},"71":{"start":{"line":158,"column":2},"end":{"line":189,"column":3}},"72":{"start":{"line":160,"column":6},"end":{"line":163,"column":35}},"73":{"start":{"line":164,"column":4},"end":{"line":169,"column":5}},"74":{"start":{"line":165,"column":6},"end":{"line":168,"column":9}},"75":{"start":{"line":170,"column":18},"end":{"line":170,"column":46}},"76":{"start":{"line":171,"column":16},"end":{"line":171,"column":39}},"77":{"start":{"line":174,"column":16},"end":{"line":177,"column":6}},"78":{"start":{"line":179,"column":4},"end":{"line":188,"column":6}},"79":{"start":{"line":191,"column":2},"end":{"line":201,"column":3}},"80":{"start":{"line":192,"column":4},"end":{"line":196,"column":7}},"81":{"start":{"line":198,"column":4},"end":{"line":200,"column":7}},"82":{"start":{"line":204,"column":19},"end":{"line":216,"column":1}},"83":{"start":{"line":205,"column":18},"end":{"line":205,"column":26}},"84":{"start":{"line":206,"column":2},"end":{"line":215,"column":3}},"85":{"start":{"line":207,"column":20},"end":{"line":207,"column":60}},"86":{"start":{"line":208,"column":4},"end":{"line":210,"column":7}},"87":{"start":{"line":212,"column":4},"end":{"line":214,"column":7}},"88":{"start":{"line":218,"column":0},"end":{"line":218,"column":75}}},"fnMap":{"0":{"name":"(anonymous_0)","decl":{"start":{"line":14,"column":14},"end":{"line":14,"column":15}},"loc":{"start":{"line":14,"column":34},"end":{"line":46,"column":1}},"line":14},"1":{"name":"(anonymous_1)","decl":{"start":{"line":48,"column":17},"end":{"line":48,"column":18}},"loc":{"start":{"line":48,"column":37},"end":{"line":121,"column":1}},"line":48},"2":{"name":"(anonymous_2)","decl":{"start":{"line":123,"column":17},"end":{"line":123,"column":18}},"loc":{"start":{"line":123,"column":37},"end":{"line":151,"column":1}},"line":123},"3":{"name":"(anonymous_3)","decl":{"start":{"line":154,"column":22},"end":{"line":154,"column":23}},"loc":{"start":{"line":154,"column":42},"end":{"line":202,"column":1}},"line":154},"4":{"name":"(anonymous_4)","decl":{"start":{"line":204,"column":19},"end":{"line":204,"column":20}},"loc":{"start":{"line":204,"column":39},"end":{"line":216,"column":1}},"line":204}},"branchMap":{"0":{"loc":{"start":{"line":16,"column":12},"end":{"line":16,"column":22}},"type":"default-arg","locations":[{"start":{"line":16,"column":20},"end":{"line":16,"column":22}}],"line":16},"1":{"loc":{"start":{"line":16,"column":24},"end":{"line":16,"column":37}},"type":"default-arg","locations":[{"start":{"line":16,"column":35},"end":{"line":16,"column":37}}],"line":16},"2":{"loc":{"start":{"line":19,"column":4},"end":{"line":19,"column":65}},"type":"if","locations":[{"start":{"line":19,"column":4},"end":{"line":19,"column":65}},{"start":{},"end":{}}],"line":19},"3":{"loc":{"start":{"line":20,"column":4},"end":{"line":22,"column":5}},"type":"if","locations":[{"start":{"line":20,"column":4},"end":{"line":22,"column":5}},{"start":{},"end":{}}],"line":20},"4":{"loc":{"start":{"line":25,"column":4},"end":{"line":25,"column":74}},"type":"if","locations":[{"start":{"line":25,"column":4},"end":{"line":25,"column":74}},{"start":{},"end":{}}],"line":25},"5":{"loc":{"start":{"line":26,"column":4},"end":{"line":40,"column":5}},"type":"if","locations":[{"start":{"line":26,"column":4},"end":{"line":40,"column":5}},{"start":{},"end":{}}],"line":26},"6":{"loc":{"start":{"line":42,"column":15},"end":{"line":42,"column":38}},"type":"binary-expr","locations":[{"start":{"line":42,"column":15},"end":{"line":42,"column":31}},{"start":{"line":42,"column":35},"end":{"line":42,"column":38}}],"line":42},"7":{"loc":{"start":{"line":68,"column":4},"end":{"line":68,"column":69}},"type":"if","locations":[{"start":{"line":68,"column":4},"end":{"line":68,"column":69}},{"start":{},"end":{}}],"line":68},"8":{"loc":{"start":{"line":69,"column":4},"end":{"line":69,"column":70}},"type":"if","locations":[{"start":{"line":69,"column":4},"end":{"line":69,"column":70}},{"start":{},"end":{}}],"line":69},"9":{"loc":{"start":{"line":70,"column":4},"end":{"line":70,"column":75}},"type":"if","locations":[{"start":{"line":70,"column":4},"end":{"line":70,"column":75}},{"start":{},"end":{}}],"line":70},"10":{"loc":{"start":{"line":71,"column":4},"end":{"line":71,"column":71}},"type":"if","locations":[{"start":{"line":71,"column":4},"end":{"line":71,"column":71}},{"start":{},"end":{}}],"line":71},"11":{"loc":{"start":{"line":72,"column":4},"end":{"line":72,"column":75}},"type":"if","locations":[{"start":{"line":72,"column":4},"end":{"line":72,"column":75}},{"start":{},"end":{}}],"line":72},"12":{"loc":{"start":{"line":73,"column":4},"end":{"line":73,"column":64}},"type":"if","locations":[{"start":{"line":73,"column":4},"end":{"line":73,"column":64}},{"start":{},"end":{}}],"line":73},"13":{"loc":{"start":{"line":74,"column":4},"end":{"line":74,"column":76}},"type":"if","locations":[{"start":{"line":74,"column":4},"end":{"line":74,"column":76}},{"start":{},"end":{}}],"line":74},"14":{"loc":{"start":{"line":75,"column":4},"end":{"line":77,"column":5}},"type":"if","locations":[{"start":{"line":75,"column":4},"end":{"line":77,"column":5}},{"start":{},"end":{}}],"line":75},"15":{"loc":{"start":{"line":117,"column":15},"end":{"line":117,"column":38}},"type":"binary-expr","locations":[{"start":{"line":117,"column":15},"end":{"line":117,"column":31}},{"start":{"line":117,"column":35},"end":{"line":117,"column":38}}],"line":117},"16":{"loc":{"start":{"line":131,"column":4},"end":{"line":133,"column":5}},"type":"if","locations":[{"start":{"line":131,"column":4},"end":{"line":133,"column":5}},{"start":{},"end":{}}],"line":131},"17":{"loc":{"start":{"line":147,"column":15},"end":{"line":147,"column":38}},"type":"binary-expr","locations":[{"start":{"line":147,"column":15},"end":{"line":147,"column":31}},{"start":{"line":147,"column":35},"end":{"line":147,"column":38}}],"line":147},"18":{"loc":{"start":{"line":158,"column":2},"end":{"line":189,"column":3}},"type":"if","locations":[{"start":{"line":158,"column":2},"end":{"line":189,"column":3}},{"start":{},"end":{}}],"line":158},"19":{"loc":{"start":{"line":160,"column":6},"end":{"line":163,"column":35}},"type":"binary-expr","locations":[{"start":{"line":160,"column":6},"end":{"line":160,"column":35}},{"start":{"line":161,"column":6},"end":{"line":161,"column":35}},{"start":{"line":162,"column":6},"end":{"line":162,"column":36}},{"start":{"line":163,"column":6},"end":{"line":163,"column":35}}],"line":160},"20":{"loc":{"start":{"line":164,"column":4},"end":{"line":169,"column":5}},"type":"if","locations":[{"start":{"line":164,"column":4},"end":{"line":169,"column":5}},{"start":{},"end":{}}],"line":164},"21":{"loc":{"start":{"line":191,"column":2},"end":{"line":201,"column":3}},"type":"if","locations":[{"start":{"line":191,"column":2},"end":{"line":201,"column":3}},{"start":{},"end":{}}],"line":191},"22":{"loc":{"start":{"line":212,"column":15},"end":{"line":212,"column":38}},"type":"binary-expr","locations":[{"start":{"line":212,"column":15},"end":{"line":212,"column":31}},{"start":{"line":212,"column":35},"end":{"line":212,"column":38}}],"line":212}},"s":{"0":5,"1":5,"2":5,"3":5,"4":5,"5":5,"6":5,"7":5,"8":5,"9":5,"10":5,"11":5,"12":3,"13":3,"14":3,"15":3,"16":1,"17":2,"18":1,"19":1,"20":1,"21":0,"22":1,"23":1,"24":1,"25":2,"26":5,"27":1,"28":1,"29":1,"30":1,"31":1,"32":1,"33":0,"34":1,"35":0,"36":1,"37":0,"38":1,"39":0,"40":1,"41":0,"42":1,"43":1,"44":0,"45":0,"46":0,"47":0,"48":0,"49":0,"50":0,"51":0,"52":0,"53":0,"54":0,"55":0,"56":1,"57":5,"58":0,"59":0,"60":0,"61":0,"62":0,"63":0,"64":0,"65":0,"66":0,"67":0,"68":5,"69":0,"70":0,"71":0,"72":0,"73":0,"74":0,"75":0,"76":0,"77":0,"78":0,"79":0,"80":0,"81":0,"82":5,"83":0,"84":0,"85":0,"86":0,"87":0,"88":5},"f":{"0":3,"1":1,"2":0,"3":0,"4":0},"b":{"0":[0],"1":[0],"2":[1,2],"3":[1,1],"4":[0,1],"5":[1,0],"6":[2,0],"7":[0,1],"8":[0,1],"9":[0,1],"10":[0,1],"11":[0,1],"12":[1,0],"13":[0,0],"14":[0,0],"15":[1,0],"16":[0,0],"17":[0,0],"18":[0,0],"19":[0,0,0,0],"20":[0,0],"21":[0,0],"22":[0,0]},"_coverageSchema":"1a1c01bbd47fc00a2c39e90264f33305004495a9","hash":"3305e19ae8ea6e9ed6563a892d79705857a294af"}
,"E:\\HERI\\final project\\backEnd\\app\\controllers\\destinationControoller.js": {"path":"E:\\HERI\\final project\\backEnd\\app\\controllers\\destinationControoller.js","statementMap":{"0":{"start":{"line":1,"column":34},"end":{"line":1,"column":54}},"1":{"start":{"line":2,"column":17},"end":{"line":2,"column":46}},"2":{"start":{"line":4,"column":23},"end":{"line":17,"column":1}},"3":{"start":{"line":5,"column":2},"end":{"line":16,"column":3}},"4":{"start":{"line":6,"column":25},"end":{"line":8,"column":6}},"5":{"start":{"line":9,"column":4},"end":{"line":11,"column":7}},"6":{"start":{"line":13,"column":4},"end":{"line":15,"column":7}},"7":{"start":{"line":19,"column":27},"end":{"line":31,"column":1}},"8":{"start":{"line":20,"column":2},"end":{"line":30,"column":3}},"9":{"start":{"line":21,"column":20},"end":{"line":21,"column":30}},"10":{"start":{"line":22,"column":19},"end":{"line":22,"column":65}},"11":{"start":{"line":23,"column":4},"end":{"line":25,"column":7}},"12":{"start":{"line":27,"column":4},"end":{"line":29,"column":7}},"13":{"start":{"line":33,"column":23},"end":{"line":83,"column":1}},"14":{"start":{"line":34,"column":2},"end":{"line":82,"column":3}},"15":{"start":{"line":35,"column":56},"end":{"line":35,"column":64}},"16":{"start":{"line":36,"column":23},"end":{"line":36,"column":26}},"17":{"start":{"line":37,"column":4},"end":{"line":37,"column":25}},"18":{"start":{"line":39,"column":4},"end":{"line":65,"column":6}},"19":{"start":{"line":43,"column":10},"end":{"line":46,"column":39}},"20":{"start":{"line":47,"column":8},"end":{"line":52,"column":9}},"21":{"start":{"line":48,"column":10},"end":{"line":51,"column":13}},"22":{"start":{"line":54,"column":22},"end":{"line":54,"column":50}},"23":{"start":{"line":55,"column":20},"end":{"line":55,"column":43}},"24":{"start":{"line":58,"column":20},"end":{"line":61,"column":10}},"25":{"start":{"line":63,"column":8},"end":{"line":63,"column":38}},"26":{"start":{"line":67,"column":27},"end":{"line":73,"column":6}},"27":{"start":{"line":74,"column":4},"end":{"line":77,"column":7}},"28":{"start":{"line":79,"column":4},"end":{"line":81,"column":7}},"29":{"start":{"line":85,"column":26},"end":{"line":137,"column":1}},"30":{"start":{"line":86,"column":2},"end":{"line":136,"column":3}},"31":{"start":{"line":87,"column":20},"end":{"line":87,"column":30}},"32":{"start":{"line":88,"column":56},"end":{"line":88,"column":64}},"33":{"start":{"line":89,"column":23},"end":{"line":89,"column":26}},"34":{"start":{"line":90,"column":4},"end":{"line":90,"column":25}},"35":{"start":{"line":92,"column":4},"end":{"line":118,"column":6}},"36":{"start":{"line":96,"column":10},"end":{"line":99,"column":39}},"37":{"start":{"line":100,"column":8},"end":{"line":105,"column":9}},"38":{"start":{"line":101,"column":10},"end":{"line":104,"column":13}},"39":{"start":{"line":107,"column":22},"end":{"line":107,"column":50}},"40":{"start":{"line":108,"column":20},"end":{"line":108,"column":43}},"41":{"start":{"line":111,"column":20},"end":{"line":114,"column":10}},"42":{"start":{"line":116,"column":8},"end":{"line":116,"column":38}},"43":{"start":{"line":119,"column":4},"end":{"line":128,"column":6}},"44":{"start":{"line":129,"column":4},"end":{"line":131,"column":7}},"45":{"start":{"line":133,"column":4},"end":{"line":135,"column":7}},"46":{"start":{"line":139,"column":26},"end":{"line":151,"column":1}},"47":{"start":{"line":140,"column":2},"end":{"line":150,"column":3}},"48":{"start":{"line":141,"column":20},"end":{"line":141,"column":30}},"49":{"start":{"line":142,"column":4},"end":{"line":142,"column":51}},"50":{"start":{"line":143,"column":4},"end":{"line":145,"column":7}},"51":{"start":{"line":147,"column":4},"end":{"line":149,"column":7}},"52":{"start":{"line":153,"column":0},"end":{"line":159,"column":2}}},"fnMap":{"0":{"name":"(anonymous_0)","decl":{"start":{"line":4,"column":23},"end":{"line":4,"column":24}},"loc":{"start":{"line":4,"column":43},"end":{"line":17,"column":1}},"line":4},"1":{"name":"(anonymous_1)","decl":{"start":{"line":19,"column":27},"end":{"line":19,"column":28}},"loc":{"start":{"line":19,"column":47},"end":{"line":31,"column":1}},"line":19},"2":{"name":"(anonymous_2)","decl":{"start":{"line":33,"column":23},"end":{"line":33,"column":24}},"loc":{"start":{"line":33,"column":43},"end":{"line":83,"column":1}},"line":33},"3":{"name":"(anonymous_3)","decl":{"start":{"line":41,"column":16},"end":{"line":41,"column":17}},"loc":{"start":{"line":41,"column":32},"end":{"line":64,"column":7}},"line":41},"4":{"name":"(anonymous_4)","decl":{"start":{"line":85,"column":26},"end":{"line":85,"column":27}},"loc":{"start":{"line":85,"column":46},"end":{"line":137,"column":1}},"line":85},"5":{"name":"(anonymous_5)","decl":{"start":{"line":94,"column":16},"end":{"line":94,"column":17}},"loc":{"start":{"line":94,"column":32},"end":{"line":117,"column":7}},"line":94},"6":{"name":"(anonymous_6)","decl":{"start":{"line":139,"column":26},"end":{"line":139,"column":27}},"loc":{"start":{"line":139,"column":46},"end":{"line":151,"column":1}},"line":139}},"branchMap":{"0":{"loc":{"start":{"line":13,"column":15},"end":{"line":13,"column":38}},"type":"binary-expr","locations":[{"start":{"line":13,"column":15},"end":{"line":13,"column":31}},{"start":{"line":13,"column":35},"end":{"line":13,"column":38}}],"line":13},"1":{"loc":{"start":{"line":27,"column":15},"end":{"line":27,"column":38}},"type":"binary-expr","locations":[{"start":{"line":27,"column":15},"end":{"line":27,"column":31}},{"start":{"line":27,"column":35},"end":{"line":27,"column":38}}],"line":27},"2":{"loc":{"start":{"line":43,"column":10},"end":{"line":46,"column":39}},"type":"binary-expr","locations":[{"start":{"line":43,"column":10},"end":{"line":43,"column":39}},{"start":{"line":44,"column":10},"end":{"line":44,"column":39}},{"start":{"line":45,"column":10},"end":{"line":45,"column":40}},{"start":{"line":46,"column":10},"end":{"line":46,"column":39}}],"line":43},"3":{"loc":{"start":{"line":47,"column":8},"end":{"line":52,"column":9}},"type":"if","locations":[{"start":{"line":47,"column":8},"end":{"line":52,"column":9}},{"start":{},"end":{}}],"line":47},"4":{"loc":{"start":{"line":79,"column":15},"end":{"line":79,"column":38}},"type":"binary-expr","locations":[{"start":{"line":79,"column":15},"end":{"line":79,"column":31}},{"start":{"line":79,"column":35},"end":{"line":79,"column":38}}],"line":79},"5":{"loc":{"start":{"line":96,"column":10},"end":{"line":99,"column":39}},"type":"binary-expr","locations":[{"start":{"line":96,"column":10},"end":{"line":96,"column":39}},{"start":{"line":97,"column":10},"end":{"line":97,"column":39}},{"start":{"line":98,"column":10},"end":{"line":98,"column":40}},{"start":{"line":99,"column":10},"end":{"line":99,"column":39}}],"line":96},"6":{"loc":{"start":{"line":100,"column":8},"end":{"line":105,"column":9}},"type":"if","locations":[{"start":{"line":100,"column":8},"end":{"line":105,"column":9}},{"start":{},"end":{}}],"line":100},"7":{"loc":{"start":{"line":133,"column":15},"end":{"line":133,"column":38}},"type":"binary-expr","locations":[{"start":{"line":133,"column":15},"end":{"line":133,"column":31}},{"start":{"line":133,"column":35},"end":{"line":133,"column":38}}],"line":133},"8":{"loc":{"start":{"line":147,"column":15},"end":{"line":147,"column":38}},"type":"binary-expr","locations":[{"start":{"line":147,"column":15},"end":{"line":147,"column":31}},{"start":{"line":147,"column":35},"end":{"line":147,"column":38}}],"line":147}},"s":{"0":5,"1":5,"2":5,"3":1,"4":1,"5":1,"6":0,"7":5,"8":1,"9":1,"10":1,"11":1,"12":0,"13":5,"14":0,"15":0,"16":0,"17":0,"18":0,"19":0,"20":0,"21":0,"22":0,"23":0,"24":0,"25":0,"26":0,"27":0,"28":0,"29":5,"30":0,"31":0,"32":0,"33":0,"34":0,"35":0,"36":0,"37":0,"38":0,"39":0,"40":0,"41":0,"42":0,"43":0,"44":0,"45":0,"46":5,"47":0,"48":0,"49":0,"50":0,"51":0,"52":5},"f":{"0":1,"1":1,"2":0,"3":0,"4":0,"5":0,"6":0},"b":{"0":[0,0],"1":[0,0],"2":[0,0,0,0],"3":[0,0],"4":[0,0],"5":[0,0,0,0],"6":[0,0],"7":[0,0],"8":[0,0]},"_coverageSchema":"1a1c01bbd47fc00a2c39e90264f33305004495a9","hash":"e5afab75f064e48250da38a6d7ef19cb67372f32"}
,"E:\\HERI\\final project\\backEnd\\app\\controllers\\paymentController.js": {"path":"E:\\HERI\\final project\\backEnd\\app\\controllers\\paymentController.js","statementMap":{"0":{"start":{"line":1,"column":21},"end":{"line":1,"column":41}},"1":{"start":{"line":3,"column":19},"end":{"line":15,"column":1}},"2":{"start":{"line":4,"column":2},"end":{"line":14,"column":3}},"3":{"start":{"line":5,"column":21},"end":{"line":5,"column":44}},"4":{"start":{"line":6,"column":4},"end":{"line":9,"column":7}},"5":{"start":{"line":11,"column":4},"end":{"line":13,"column":7}},"6":{"start":{"line":17,"column":23},"end":{"line":29,"column":1}},"7":{"start":{"line":18,"column":2},"end":{"line":28,"column":3}},"8":{"start":{"line":19,"column":20},"end":{"line":19,"column":30}},"9":{"start":{"line":20,"column":21},"end":{"line":20,"column":63}},"10":{"start":{"line":21,"column":4},"end":{"line":23,"column":7}},"11":{"start":{"line":25,"column":4},"end":{"line":27,"column":7}},"12":{"start":{"line":31,"column":19},"end":{"line":43,"column":1}},"13":{"start":{"line":32,"column":2},"end":{"line":42,"column":3}},"14":{"start":{"line":33,"column":23},"end":{"line":33,"column":53}},"15":{"start":{"line":34,"column":4},"end":{"line":37,"column":7}},"16":{"start":{"line":39,"column":4},"end":{"line":41,"column":7}},"17":{"start":{"line":45,"column":22},"end":{"line":57,"column":1}},"18":{"start":{"line":46,"column":2},"end":{"line":56,"column":3}},"19":{"start":{"line":47,"column":20},"end":{"line":47,"column":30}},"20":{"start":{"line":48,"column":4},"end":{"line":48,"column":56}},"21":{"start":{"line":49,"column":4},"end":{"line":51,"column":7}},"22":{"start":{"line":53,"column":4},"end":{"line":55,"column":7}},"23":{"start":{"line":59,"column":22},"end":{"line":71,"column":1}},"24":{"start":{"line":60,"column":2},"end":{"line":70,"column":3}},"25":{"start":{"line":61,"column":20},"end":{"line":61,"column":30}},"26":{"start":{"line":62,"column":4},"end":{"line":62,"column":47}},"27":{"start":{"line":63,"column":4},"end":{"line":65,"column":7}},"28":{"start":{"line":67,"column":4},"end":{"line":69,"column":7}},"29":{"start":{"line":73,"column":0},"end":{"line":79,"column":2}}},"fnMap":{"0":{"name":"(anonymous_0)","decl":{"start":{"line":3,"column":19},"end":{"line":3,"column":20}},"loc":{"start":{"line":3,"column":39},"end":{"line":15,"column":1}},"line":3},"1":{"name":"(anonymous_1)","decl":{"start":{"line":17,"column":23},"end":{"line":17,"column":24}},"loc":{"start":{"line":17,"column":43},"end":{"line":29,"column":1}},"line":17},"2":{"name":"(anonymous_2)","decl":{"start":{"line":31,"column":19},"end":{"line":31,"column":20}},"loc":{"start":{"line":31,"column":39},"end":{"line":43,"column":1}},"line":31},"3":{"name":"(anonymous_3)","decl":{"start":{"line":45,"column":22},"end":{"line":45,"column":23}},"loc":{"start":{"line":45,"column":42},"end":{"line":57,"column":1}},"line":45},"4":{"name":"(anonymous_4)","decl":{"start":{"line":59,"column":22},"end":{"line":59,"column":23}},"loc":{"start":{"line":59,"column":42},"end":{"line":71,"column":1}},"line":59}},"branchMap":{"0":{"loc":{"start":{"line":11,"column":15},"end":{"line":11,"column":38}},"type":"binary-expr","locations":[{"start":{"line":11,"column":15},"end":{"line":11,"column":31}},{"start":{"line":11,"column":35},"end":{"line":11,"column":38}}],"line":11},"1":{"loc":{"start":{"line":25,"column":15},"end":{"line":25,"column":38}},"type":"binary-expr","locations":[{"start":{"line":25,"column":15},"end":{"line":25,"column":31}},{"start":{"line":25,"column":35},"end":{"line":25,"column":38}}],"line":25},"2":{"loc":{"start":{"line":39,"column":15},"end":{"line":39,"column":38}},"type":"binary-expr","locations":[{"start":{"line":39,"column":15},"end":{"line":39,"column":31}},{"start":{"line":39,"column":35},"end":{"line":39,"column":38}}],"line":39},"3":{"loc":{"start":{"line":53,"column":15},"end":{"line":53,"column":38}},"type":"binary-expr","locations":[{"start":{"line":53,"column":15},"end":{"line":53,"column":31}},{"start":{"line":53,"column":35},"end":{"line":53,"column":38}}],"line":53},"4":{"loc":{"start":{"line":67,"column":15},"end":{"line":67,"column":38}},"type":"binary-expr","locations":[{"start":{"line":67,"column":15},"end":{"line":67,"column":31}},{"start":{"line":67,"column":35},"end":{"line":67,"column":38}}],"line":67}},"s":{"0":5,"1":5,"2":0,"3":0,"4":0,"5":0,"6":5,"7":0,"8":0,"9":0,"10":0,"11":0,"12":5,"13":0,"14":0,"15":0,"16":0,"17":5,"18":0,"19":0,"20":0,"21":0,"22":0,"23":5,"24":0,"25":0,"26":0,"27":0,"28":0,"29":5},"f":{"0":0,"1":0,"2":0,"3":0,"4":0},"b":{"0":[0,0],"1":[0,0],"2":[0,0],"3":[0,0],"4":[0,0]},"_coverageSchema":"1a1c01bbd47fc00a2c39e90264f33305004495a9","hash":"49c29eb78afb838ff39aa8ee4b96f0b42efb7805"}
,"E:\\HERI\\final project\\backEnd\\app\\controllers\\ticketController.js": {"path":"E:\\HERI\\final project\\backEnd\\app\\controllers\\ticketController.js","statementMap":{"0":{"start":{"line":1,"column":39},"end":{"line":1,"column":59}},"1":{"start":{"line":3,"column":18},"end":{"line":32,"column":1}},"2":{"start":{"line":4,"column":2},"end":{"line":31,"column":3}},"3":{"start":{"line":5,"column":23},"end":{"line":23,"column":6}},"4":{"start":{"line":24,"column":4},"end":{"line":26,"column":7}},"5":{"start":{"line":28,"column":4},"end":{"line":30,"column":7}},"6":{"start":{"line":34,"column":21},"end":{"line":105,"column":1}},"7":{"start":{"line":35,"column":63},"end":{"line":35,"column":72}},"8":{"start":{"line":36,"column":2},"end":{"line":104,"column":3}},"9":{"start":{"line":37,"column":27},"end":{"line":62,"column":5}},"10":{"start":{"line":63,"column":4},"end":{"line":68,"column":5}},"11":{"start":{"line":64,"column":6},"end":{"line":67,"column":9}},"12":{"start":{"line":69,"column":24},"end":{"line":94,"column":5}},"13":{"start":{"line":95,"column":4},"end":{"line":99,"column":7}},"14":{"start":{"line":101,"column":4},"end":{"line":103,"column":7}},"15":{"start":{"line":106,"column":22},"end":{"line":141,"column":1}},"16":{"start":{"line":107,"column":2},"end":{"line":140,"column":3}},"17":{"start":{"line":108,"column":20},"end":{"line":108,"column":30}},"18":{"start":{"line":109,"column":19},"end":{"line":132,"column":5}},"19":{"start":{"line":133,"column":4},"end":{"line":135,"column":7}},"20":{"start":{"line":137,"column":4},"end":{"line":139,"column":7}},"21":{"start":{"line":143,"column":18},"end":{"line":155,"column":1}},"22":{"start":{"line":144,"column":2},"end":{"line":154,"column":3}},"23":{"start":{"line":145,"column":22},"end":{"line":145,"column":51}},"24":{"start":{"line":146,"column":4},"end":{"line":149,"column":7}},"25":{"start":{"line":151,"column":4},"end":{"line":153,"column":7}},"26":{"start":{"line":157,"column":21},"end":{"line":169,"column":1}},"27":{"start":{"line":158,"column":2},"end":{"line":168,"column":3}},"28":{"start":{"line":159,"column":20},"end":{"line":159,"column":30}},"29":{"start":{"line":160,"column":4},"end":{"line":160,"column":55}},"30":{"start":{"line":161,"column":4},"end":{"line":163,"column":7}},"31":{"start":{"line":165,"column":4},"end":{"line":167,"column":7}},"32":{"start":{"line":171,"column":21},"end":{"line":183,"column":1}},"33":{"start":{"line":172,"column":2},"end":{"line":182,"column":3}},"34":{"start":{"line":173,"column":20},"end":{"line":173,"column":30}},"35":{"start":{"line":174,"column":4},"end":{"line":174,"column":46}},"36":{"start":{"line":175,"column":4},"end":{"line":177,"column":7}},"37":{"start":{"line":179,"column":4},"end":{"line":181,"column":7}},"38":{"start":{"line":185,"column":0},"end":{"line":192,"column":2}}},"fnMap":{"0":{"name":"(anonymous_0)","decl":{"start":{"line":3,"column":18},"end":{"line":3,"column":19}},"loc":{"start":{"line":3,"column":38},"end":{"line":32,"column":1}},"line":3},"1":{"name":"(anonymous_1)","decl":{"start":{"line":34,"column":21},"end":{"line":34,"column":22}},"loc":{"start":{"line":34,"column":41},"end":{"line":105,"column":1}},"line":34},"2":{"name":"(anonymous_2)","decl":{"start":{"line":106,"column":22},"end":{"line":106,"column":23}},"loc":{"start":{"line":106,"column":42},"end":{"line":141,"column":1}},"line":106},"3":{"name":"(anonymous_3)","decl":{"start":{"line":143,"column":18},"end":{"line":143,"column":19}},"loc":{"start":{"line":143,"column":38},"end":{"line":155,"column":1}},"line":143},"4":{"name":"(anonymous_4)","decl":{"start":{"line":157,"column":21},"end":{"line":157,"column":22}},"loc":{"start":{"line":157,"column":41},"end":{"line":169,"column":1}},"line":157},"5":{"name":"(anonymous_5)","decl":{"start":{"line":171,"column":21},"end":{"line":171,"column":22}},"loc":{"start":{"line":171,"column":41},"end":{"line":183,"column":1}},"line":171}},"branchMap":{"0":{"loc":{"start":{"line":28,"column":15},"end":{"line":28,"column":38}},"type":"binary-expr","locations":[{"start":{"line":28,"column":15},"end":{"line":28,"column":31}},{"start":{"line":28,"column":35},"end":{"line":28,"column":38}}],"line":28},"1":{"loc":{"start":{"line":63,"column":4},"end":{"line":68,"column":5}},"type":"if","locations":[{"start":{"line":63,"column":4},"end":{"line":68,"column":5}},{"start":{},"end":{}}],"line":63},"2":{"loc":{"start":{"line":101,"column":15},"end":{"line":101,"column":38}},"type":"binary-expr","locations":[{"start":{"line":101,"column":15},"end":{"line":101,"column":31}},{"start":{"line":101,"column":35},"end":{"line":101,"column":38}}],"line":101},"3":{"loc":{"start":{"line":137,"column":15},"end":{"line":137,"column":38}},"type":"binary-expr","locations":[{"start":{"line":137,"column":15},"end":{"line":137,"column":31}},{"start":{"line":137,"column":35},"end":{"line":137,"column":38}}],"line":137},"4":{"loc":{"start":{"line":151,"column":15},"end":{"line":151,"column":38}},"type":"binary-expr","locations":[{"start":{"line":151,"column":15},"end":{"line":151,"column":31}},{"start":{"line":151,"column":35},"end":{"line":151,"column":38}}],"line":151},"5":{"loc":{"start":{"line":165,"column":15},"end":{"line":165,"column":38}},"type":"binary-expr","locations":[{"start":{"line":165,"column":15},"end":{"line":165,"column":31}},{"start":{"line":165,"column":35},"end":{"line":165,"column":38}}],"line":165},"6":{"loc":{"start":{"line":179,"column":15},"end":{"line":179,"column":38}},"type":"binary-expr","locations":[{"start":{"line":179,"column":15},"end":{"line":179,"column":31}},{"start":{"line":179,"column":35},"end":{"line":179,"column":38}}],"line":179}},"s":{"0":5,"1":5,"2":1,"3":1,"4":1,"5":0,"6":5,"7":0,"8":0,"9":0,"10":0,"11":0,"12":0,"13":0,"14":0,"15":5,"16":1,"17":1,"18":1,"19":1,"20":0,"21":5,"22":0,"23":0,"24":0,"25":0,"26":5,"27":0,"28":0,"29":0,"30":0,"31":0,"32":5,"33":0,"34":0,"35":0,"36":0,"37":0,"38":5},"f":{"0":1,"1":0,"2":1,"3":0,"4":0,"5":0},"b":{"0":[0,0],"1":[0,0],"2":[0,0],"3":[0,0],"4":[0,0],"5":[0,0],"6":[0,0]},"_coverageSchema":"1a1c01bbd47fc00a2c39e90264f33305004495a9","hash":"dc25c026bd7a83312e8b82ec9a6e9d318b85f5ca"}
,"E:\\HERI\\final project\\backEnd\\app\\models\\airplane.js": {"path":"E:\\HERI\\final project\\backEnd\\app\\models\\airplane.js","statementMap":{"0":{"start":{"line":4,"column":4},"end":{"line":4,"column":24}},"1":{"start":{"line":5,"column":0},"end":{"line":26,"column":2}},"2":{"start":{"line":14,"column":6},"end":{"line":14,"column":64}},"3":{"start":{"line":17,"column":2},"end":{"line":24,"column":5}},"4":{"start":{"line":25,"column":2},"end":{"line":25,"column":18}}},"fnMap":{"0":{"name":"(anonymous_0)","decl":{"start":{"line":5,"column":17},"end":{"line":5,"column":18}},"loc":{"start":{"line":5,"column":43},"end":{"line":26,"column":1}},"line":5},"1":{"name":"(anonymous_1)","decl":{"start":{"line":12,"column":4},"end":{"line":12,"column":5}},"loc":{"start":{"line":12,"column":29},"end":{"line":15,"column":5}},"line":12}},"branchMap":{},"s":{"0":5,"1":5,"2":5,"3":5,"4":5},"f":{"0":5,"1":5},"b":{},"_coverageSchema":"1a1c01bbd47fc00a2c39e90264f33305004495a9","hash":"8f6ca79f2fc9eb25af10cf62eb6126d5c0fb86a9"}
,"E:\\HERI\\final project\\backEnd\\app\\models\\airport.js": {"path":"E:\\HERI\\final project\\backEnd\\app\\models\\airport.js","statementMap":{"0":{"start":{"line":4,"column":4},"end":{"line":4,"column":24}},"1":{"start":{"line":5,"column":0},"end":{"line":29,"column":2}},"2":{"start":{"line":14,"column":6},"end":{"line":14,"column":76}},"3":{"start":{"line":15,"column":6},"end":{"line":15,"column":72}},"4":{"start":{"line":16,"column":6},"end":{"line":16,"column":81}},"5":{"start":{"line":17,"column":6},"end":{"line":17,"column":68}},"6":{"start":{"line":20,"column":2},"end":{"line":27,"column":5}},"7":{"start":{"line":28,"column":2},"end":{"line":28,"column":17}}},"fnMap":{"0":{"name":"(anonymous_0)","decl":{"start":{"line":5,"column":17},"end":{"line":5,"column":18}},"loc":{"start":{"line":5,"column":43},"end":{"line":29,"column":1}},"line":5},"1":{"name":"(anonymous_1)","decl":{"start":{"line":12,"column":4},"end":{"line":12,"column":5}},"loc":{"start":{"line":12,"column":29},"end":{"line":18,"column":5}},"line":12}},"branchMap":{},"s":{"0":5,"1":5,"2":5,"3":5,"4":5,"5":5,"6":5,"7":5},"f":{"0":5,"1":5},"b":{},"_coverageSchema":"1a1c01bbd47fc00a2c39e90264f33305004495a9","hash":"d642b62e275cafe3c231398b3a5ea62b23dabe03"}
,"E:\\HERI\\final project\\backEnd\\app\\models\\destination.js": {"path":"E:\\HERI\\final project\\backEnd\\app\\models\\destination.js","statementMap":{"0":{"start":{"line":4,"column":4},"end":{"line":4,"column":24}},"1":{"start":{"line":5,"column":0},"end":{"line":29,"column":2}},"2":{"start":{"line":14,"column":6},"end":{"line":14,"column":66}},"3":{"start":{"line":15,"column":6},"end":{"line":15,"column":69}},"4":{"start":{"line":18,"column":2},"end":{"line":27,"column":5}},"5":{"start":{"line":28,"column":2},"end":{"line":28,"column":21}}},"fnMap":{"0":{"name":"(anonymous_0)","decl":{"start":{"line":5,"column":17},"end":{"line":5,"column":18}},"loc":{"start":{"line":5,"column":43},"end":{"line":29,"column":1}},"line":5},"1":{"name":"(anonymous_1)","decl":{"start":{"line":12,"column":4},"end":{"line":12,"column":5}},"loc":{"start":{"line":12,"column":29},"end":{"line":16,"column":5}},"line":12}},"branchMap":{},"s":{"0":5,"1":5,"2":5,"3":5,"4":5,"5":5},"f":{"0":5,"1":5},"b":{},"_coverageSchema":"1a1c01bbd47fc00a2c39e90264f33305004495a9","hash":"5d3e077e523e7ed23c8978451729c0ed3eac439a"}
,"E:\\HERI\\final project\\backEnd\\app\\models\\history.js": {"path":"E:\\HERI\\final project\\backEnd\\app\\models\\history.js","statementMap":{"0":{"start":{"line":4,"column":4},"end":{"line":4,"column":24}},"1":{"start":{"line":5,"column":0},"end":{"line":26,"column":2}},"2":{"start":{"line":14,"column":6},"end":{"line":14,"column":61}},"3":{"start":{"line":15,"column":6},"end":{"line":15,"column":74}},"4":{"start":{"line":18,"column":2},"end":{"line":24,"column":5}},"5":{"start":{"line":25,"column":2},"end":{"line":25,"column":17}}},"fnMap":{"0":{"name":"(anonymous_0)","decl":{"start":{"line":5,"column":17},"end":{"line":5,"column":18}},"loc":{"start":{"line":5,"column":43},"end":{"line":26,"column":1}},"line":5},"1":{"name":"(anonymous_1)","decl":{"start":{"line":12,"column":4},"end":{"line":12,"column":5}},"loc":{"start":{"line":12,"column":29},"end":{"line":16,"column":5}},"line":12}},"branchMap":{},"s":{"0":5,"1":5,"2":5,"3":5,"4":5,"5":5},"f":{"0":5,"1":5},"b":{},"_coverageSchema":"1a1c01bbd47fc00a2c39e90264f33305004495a9","hash":"cd8d2dd0b434790455e3bc0e60d17cc182666189"}
,"E:\\HERI\\final project\\backEnd\\app\\models\\index.js": {"path":"E:\\HERI\\final project\\backEnd\\app\\models\\index.js","statementMap":{"0":{"start":{"line":3,"column":11},"end":{"line":3,"column":24}},"1":{"start":{"line":4,"column":13},"end":{"line":4,"column":28}},"2":{"start":{"line":5,"column":18},"end":{"line":5,"column":38}},"3":{"start":{"line":6,"column":16},"end":{"line":6,"column":34}},"4":{"start":{"line":7,"column":17},"end":{"line":7,"column":42}},"5":{"start":{"line":8,"column":12},"end":{"line":8,"column":49}},"6":{"start":{"line":9,"column":15},"end":{"line":9,"column":68}},"7":{"start":{"line":10,"column":11},"end":{"line":10,"column":13}},"8":{"start":{"line":13,"column":0},"end":{"line":17,"column":1}},"9":{"start":{"line":14,"column":2},"end":{"line":14,"column":74}},"10":{"start":{"line":16,"column":2},"end":{"line":16,"column":87}},"11":{"start":{"line":19,"column":0},"end":{"line":27,"column":5}},"12":{"start":{"line":22,"column":4},"end":{"line":22,"column":90}},"13":{"start":{"line":25,"column":18},"end":{"line":25,"column":85}},"14":{"start":{"line":26,"column":4},"end":{"line":26,"column":27}},"15":{"start":{"line":29,"column":0},"end":{"line":33,"column":3}},"16":{"start":{"line":30,"column":2},"end":{"line":32,"column":3}},"17":{"start":{"line":31,"column":4},"end":{"line":31,"column":32}},"18":{"start":{"line":35,"column":0},"end":{"line":35,"column":25}},"19":{"start":{"line":36,"column":0},"end":{"line":36,"column":25}},"20":{"start":{"line":38,"column":0},"end":{"line":38,"column":20}}},"fnMap":{"0":{"name":"(anonymous_0)","decl":{"start":{"line":21,"column":10},"end":{"line":21,"column":11}},"loc":{"start":{"line":21,"column":18},"end":{"line":23,"column":3}},"line":21},"1":{"name":"(anonymous_1)","decl":{"start":{"line":24,"column":11},"end":{"line":24,"column":12}},"loc":{"start":{"line":24,"column":19},"end":{"line":27,"column":3}},"line":24},"2":{"name":"(anonymous_2)","decl":{"start":{"line":29,"column":24},"end":{"line":29,"column":25}},"loc":{"start":{"line":29,"column":37},"end":{"line":33,"column":1}},"line":29}},"branchMap":{"0":{"loc":{"start":{"line":8,"column":12},"end":{"line":8,"column":49}},"type":"binary-expr","locations":[{"start":{"line":8,"column":12},"end":{"line":8,"column":32}},{"start":{"line":8,"column":36},"end":{"line":8,"column":49}}],"line":8},"1":{"loc":{"start":{"line":13,"column":0},"end":{"line":17,"column":1}},"type":"if","locations":[{"start":{"line":13,"column":0},"end":{"line":17,"column":1}},{"start":{"line":15,"column":7},"end":{"line":17,"column":1}}],"line":13},"2":{"loc":{"start":{"line":22,"column":11},"end":{"line":22,"column":89}},"type":"binary-expr","locations":[{"start":{"line":22,"column":12},"end":{"line":22,"column":35}},{"start":{"line":22,"column":41},"end":{"line":22,"column":58}},{"start":{"line":22,"column":64},"end":{"line":22,"column":88}}],"line":22},"3":{"loc":{"start":{"line":30,"column":2},"end":{"line":32,"column":3}},"type":"if","locations":[{"start":{"line":30,"column":2},"end":{"line":32,"column":3}},{"start":{},"end":{}}],"line":30}},"s":{"0":5,"1":5,"2":5,"3":5,"4":5,"5":5,"6":5,"7":5,"8":5,"9":0,"10":5,"11":5,"12":60,"13":55,"14":55,"15":5,"16":55,"17":55,"18":5,"19":5,"20":5},"f":{"0":60,"1":55,"2":55},"b":{"0":[5,0],"1":[0,5],"2":[60,60,55],"3":[55,0]},"_coverageSchema":"1a1c01bbd47fc00a2c39e90264f33305004495a9","hash":"a3f31ea3f72cc8e437fa0ba5905e044d404561aa"}
,"E:\\HERI\\final project\\backEnd\\app\\models\\order.js": {"path":"E:\\HERI\\final project\\backEnd\\app\\models\\order.js","statementMap":{"0":{"start":{"line":2,"column":18},"end":{"line":2,"column":38}},"1":{"start":{"line":3,"column":0},"end":{"line":35,"column":2}},"2":{"start":{"line":12,"column":6},"end":{"line":12,"column":64}},"3":{"start":{"line":13,"column":6},"end":{"line":13,"column":66}},"4":{"start":{"line":16,"column":2},"end":{"line":33,"column":4}},"5":{"start":{"line":34,"column":2},"end":{"line":34,"column":15}}},"fnMap":{"0":{"name":"(anonymous_0)","decl":{"start":{"line":3,"column":17},"end":{"line":3,"column":18}},"loc":{"start":{"line":3,"column":43},"end":{"line":35,"column":1}},"line":3},"1":{"name":"(anonymous_1)","decl":{"start":{"line":10,"column":4},"end":{"line":10,"column":5}},"loc":{"start":{"line":10,"column":29},"end":{"line":14,"column":5}},"line":10}},"branchMap":{},"s":{"0":5,"1":5,"2":5,"3":5,"4":5,"5":5},"f":{"0":5,"1":5},"b":{},"_coverageSchema":"1a1c01bbd47fc00a2c39e90264f33305004495a9","hash":"660b3df9f0167afbe4972abecceea441ccfdbd11"}
,"E:\\HERI\\final project\\backEnd\\app\\models\\payment.js": {"path":"E:\\HERI\\final project\\backEnd\\app\\models\\payment.js","statementMap":{"0":{"start":{"line":4,"column":4},"end":{"line":4,"column":24}},"1":{"start":{"line":5,"column":0},"end":{"line":26,"column":2}},"2":{"start":{"line":14,"column":6},"end":{"line":14,"column":68}},"3":{"start":{"line":17,"column":2},"end":{"line":24,"column":5}},"4":{"start":{"line":25,"column":2},"end":{"line":25,"column":17}}},"fnMap":{"0":{"name":"(anonymous_0)","decl":{"start":{"line":5,"column":17},"end":{"line":5,"column":18}},"loc":{"start":{"line":5,"column":43},"end":{"line":26,"column":1}},"line":5},"1":{"name":"(anonymous_1)","decl":{"start":{"line":12,"column":4},"end":{"line":12,"column":5}},"loc":{"start":{"line":12,"column":29},"end":{"line":15,"column":5}},"line":12}},"branchMap":{},"s":{"0":5,"1":5,"2":5,"3":5,"4":5},"f":{"0":5,"1":5},"b":{},"_coverageSchema":"1a1c01bbd47fc00a2c39e90264f33305004495a9","hash":"10f659f0b43b70bacd476bcd40a3ecee379c36f2"}
,"E:\\HERI\\final project\\backEnd\\app\\models\\ticket.js": {"path":"E:\\HERI\\final project\\backEnd\\app\\models\\ticket.js","statementMap":{"0":{"start":{"line":2,"column":18},"end":{"line":2,"column":38}},"1":{"start":{"line":3,"column":0},"end":{"line":47,"column":2}},"2":{"start":{"line":12,"column":6},"end":{"line":12,"column":61}},"3":{"start":{"line":13,"column":6},"end":{"line":13,"column":68}},"4":{"start":{"line":14,"column":6},"end":{"line":14,"column":79}},"5":{"start":{"line":15,"column":6},"end":{"line":15,"column":75}},"6":{"start":{"line":16,"column":6},"end":{"line":19,"column":9}},"7":{"start":{"line":22,"column":2},"end":{"line":45,"column":4}},"8":{"start":{"line":46,"column":2},"end":{"line":46,"column":16}}},"fnMap":{"0":{"name":"(anonymous_0)","decl":{"start":{"line":3,"column":17},"end":{"line":3,"column":18}},"loc":{"start":{"line":3,"column":43},"end":{"line":47,"column":1}},"line":3},"1":{"name":"(anonymous_1)","decl":{"start":{"line":10,"column":4},"end":{"line":10,"column":5}},"loc":{"start":{"line":10,"column":29},"end":{"line":20,"column":5}},"line":10}},"branchMap":{},"s":{"0":5,"1":5,"2":5,"3":5,"4":5,"5":5,"6":5,"7":5,"8":5},"f":{"0":5,"1":5},"b":{},"_coverageSchema":"1a1c01bbd47fc00a2c39e90264f33305004495a9","hash":"42349da2575cf497742c3dedccfa938acf53e45b"}
,"E:\\HERI\\final project\\backEnd\\app\\models\\transaction.js": {"path":"E:\\HERI\\final project\\backEnd\\app\\models\\transaction.js","statementMap":{"0":{"start":{"line":2,"column":18},"end":{"line":2,"column":38}},"1":{"start":{"line":3,"column":0},"end":{"line":33,"column":2}},"2":{"start":{"line":12,"column":6},"end":{"line":12,"column":61}},"3":{"start":{"line":13,"column":6},"end":{"line":13,"column":66}},"4":{"start":{"line":14,"column":6},"end":{"line":14,"column":62}},"5":{"start":{"line":15,"column":6},"end":{"line":15,"column":68}},"6":{"start":{"line":18,"column":2},"end":{"line":31,"column":4}},"7":{"start":{"line":32,"column":2},"end":{"line":32,"column":21}}},"fnMap":{"0":{"name":"(anonymous_0)","decl":{"start":{"line":3,"column":17},"end":{"line":3,"column":18}},"loc":{"start":{"line":3,"column":43},"end":{"line":33,"column":1}},"line":3},"1":{"name":"(anonymous_1)","decl":{"start":{"line":10,"column":4},"end":{"line":10,"column":5}},"loc":{"start":{"line":10,"column":29},"end":{"line":16,"column":5}},"line":10}},"branchMap":{},"s":{"0":5,"1":5,"2":5,"3":5,"4":5,"5":5,"6":5,"7":5},"f":{"0":5,"1":5},"b":{},"_coverageSchema":"1a1c01bbd47fc00a2c39e90264f33305004495a9","hash":"166fed505490744a6264b4eca9358406ad06cf2b"}
,"E:\\HERI\\final project\\backEnd\\app\\models\\user.js": {"path":"E:\\HERI\\final project\\backEnd\\app\\models\\user.js","statementMap":{"0":{"start":{"line":2,"column":18},"end":{"line":2,"column":38}},"1":{"start":{"line":3,"column":0},"end":{"line":45,"column":2}},"2":{"start":{"line":12,"column":6},"end":{"line":12,"column":65}},"3":{"start":{"line":13,"column":6},"end":{"line":13,"column":61}},"4":{"start":{"line":16,"column":2},"end":{"line":43,"column":4}},"5":{"start":{"line":44,"column":2},"end":{"line":44,"column":15}}},"fnMap":{"0":{"name":"(anonymous_0)","decl":{"start":{"line":3,"column":17},"end":{"line":3,"column":18}},"loc":{"start":{"line":3,"column":43},"end":{"line":45,"column":1}},"line":3},"1":{"name":"(anonymous_1)","decl":{"start":{"line":10,"column":4},"end":{"line":10,"column":5}},"loc":{"start":{"line":10,"column":29},"end":{"line":14,"column":5}},"line":10}},"branchMap":{},"s":{"0":5,"1":5,"2":5,"3":5,"4":5,"5":5},"f":{"0":5,"1":5},"b":{},"_coverageSchema":"1a1c01bbd47fc00a2c39e90264f33305004495a9","hash":"adb25447a33102be942a942f51dd2d78f678da57"}
,"E:\\HERI\\final project\\backEnd\\app\\models\\verify.js": {"path":"E:\\HERI\\final project\\backEnd\\app\\models\\verify.js","statementMap":{"0":{"start":{"line":2,"column":18},"end":{"line":2,"column":38}},"1":{"start":{"line":3,"column":0},"end":{"line":26,"column":2}},"2":{"start":{"line":14,"column":2},"end":{"line":24,"column":4}},"3":{"start":{"line":25,"column":2},"end":{"line":25,"column":16}}},"fnMap":{"0":{"name":"(anonymous_0)","decl":{"start":{"line":3,"column":17},"end":{"line":3,"column":18}},"loc":{"start":{"line":3,"column":43},"end":{"line":26,"column":1}},"line":3},"1":{"name":"(anonymous_1)","decl":{"start":{"line":10,"column":4},"end":{"line":10,"column":5}},"loc":{"start":{"line":10,"column":29},"end":{"line":12,"column":5}},"line":10}},"branchMap":{},"s":{"0":5,"1":5,"2":5,"3":5},"f":{"0":5,"1":5},"b":{},"_coverageSchema":"1a1c01bbd47fc00a2c39e90264f33305004495a9","hash":"3833c1bb5d16b0c4a13e5dfc54539ff01d701b81"}
,"E:\\HERI\\final project\\backEnd\\app\\models\\wishlist.js": {"path":"E:\\HERI\\final project\\backEnd\\app\\models\\wishlist.js","statementMap":{"0":{"start":{"line":4,"column":4},"end":{"line":4,"column":24}},"1":{"start":{"line":5,"column":0},"end":{"line":26,"column":2}},"2":{"start":{"line":14,"column":6},"end":{"line":14,"column":61}},"3":{"start":{"line":15,"column":6},"end":{"line":15,"column":74}},"4":{"start":{"line":18,"column":2},"end":{"line":24,"column":5}},"5":{"start":{"line":25,"column":2},"end":{"line":25,"column":18}}},"fnMap":{"0":{"name":"(anonymous_0)","decl":{"start":{"line":5,"column":17},"end":{"line":5,"column":18}},"loc":{"start":{"line":5,"column":43},"end":{"line":26,"column":1}},"line":5},"1":{"name":"(anonymous_1)","decl":{"start":{"line":12,"column":4},"end":{"line":12,"column":5}},"loc":{"start":{"line":12,"column":29},"end":{"line":16,"column":5}},"line":12}},"branchMap":{},"s":{"0":5,"1":5,"2":5,"3":5,"4":5,"5":5},"f":{"0":5,"1":5},"b":{},"_coverageSchema":"1a1c01bbd47fc00a2c39e90264f33305004495a9","hash":"0a049428f32144f3dfd7772a62a5417816b7607d"}
,"E:\\HERI\\final project\\backEnd\\app\\router\\airplane.js": {"path":"E:\\HERI\\final project\\backEnd\\app\\router\\airplane.js","statementMap":{"0":{"start":{"line":1,"column":15},"end":{"line":1,"column":42}},"1":{"start":{"line":2,"column":13},"end":{"line":2,"column":44}},"2":{"start":{"line":3,"column":16},"end":{"line":3,"column":50}},"3":{"start":{"line":10,"column":4},"end":{"line":10,"column":48}},"4":{"start":{"line":12,"column":0},"end":{"line":12,"column":38}},"5":{"start":{"line":13,"column":0},"end":{"line":13,"column":46}},"6":{"start":{"line":14,"column":0},"end":{"line":14,"column":54}},"7":{"start":{"line":15,"column":0},"end":{"line":15,"column":60}},"8":{"start":{"line":16,"column":0},"end":{"line":16,"column":63}},"9":{"start":{"line":18,"column":0},"end":{"line":18,"column":24}}},"fnMap":{},"branchMap":{},"s":{"0":5,"1":5,"2":5,"3":5,"4":5,"5":5,"6":5,"7":5,"8":5,"9":5},"f":{},"b":{},"_coverageSchema":"1a1c01bbd47fc00a2c39e90264f33305004495a9","hash":"83ee888405f75f2c62e91cd49abeb811a0595f3c"}
,"E:\\HERI\\final project\\backEnd\\app\\router\\airport.js": {"path":"E:\\HERI\\final project\\backEnd\\app\\router\\airport.js","statementMap":{"0":{"start":{"line":1,"column":15},"end":{"line":1,"column":42}},"1":{"start":{"line":2,"column":13},"end":{"line":2,"column":44}},"2":{"start":{"line":3,"column":16},"end":{"line":3,"column":50}},"3":{"start":{"line":10,"column":4},"end":{"line":10,"column":47}},"4":{"start":{"line":12,"column":0},"end":{"line":12,"column":36}},"5":{"start":{"line":13,"column":0},"end":{"line":13,"column":45}},"6":{"start":{"line":14,"column":0},"end":{"line":14,"column":52}},"7":{"start":{"line":15,"column":0},"end":{"line":15,"column":58}},"8":{"start":{"line":16,"column":0},"end":{"line":16,"column":61}},"9":{"start":{"line":18,"column":0},"end":{"line":18,"column":24}}},"fnMap":{},"branchMap":{},"s":{"0":5,"1":5,"2":5,"3":5,"4":5,"5":5,"6":5,"7":5,"8":5,"9":5},"f":{},"b":{},"_coverageSchema":"1a1c01bbd47fc00a2c39e90264f33305004495a9","hash":"c5b3966b6b50755d7398a71b6a4f3b42c931c689"}
,"E:\\HERI\\final project\\backEnd\\app\\router\\auth.js": {"path":"E:\\HERI\\final project\\backEnd\\app\\router\\auth.js","statementMap":{"0":{"start":{"line":1,"column":15},"end":{"line":1,"column":42}},"1":{"start":{"line":2,"column":13},"end":{"line":2,"column":44}},"2":{"start":{"line":3,"column":15},"end":{"line":3,"column":50}},"3":{"start":{"line":10,"column":4},"end":{"line":10,"column":44}},"4":{"start":{"line":12,"column":0},"end":{"line":12,"column":34}},"5":{"start":{"line":13,"column":0},"end":{"line":13,"column":46}},"6":{"start":{"line":14,"column":0},"end":{"line":14,"column":40}},"7":{"start":{"line":15,"column":0},"end":{"line":15,"column":80}},"8":{"start":{"line":16,"column":0},"end":{"line":16,"column":41}},"9":{"start":{"line":18,"column":0},"end":{"line":18,"column":24}}},"fnMap":{},"branchMap":{},"s":{"0":5,"1":5,"2":5,"3":5,"4":5,"5":5,"6":5,"7":5,"8":5,"9":5},"f":{},"b":{},"_coverageSchema":"1a1c01bbd47fc00a2c39e90264f33305004495a9","hash":"93b904e66247133a85c354d126f5f8766f96b93c"}
,"E:\\HERI\\final project\\backEnd\\app\\router\\destination.js": {"path":"E:\\HERI\\final project\\backEnd\\app\\router\\destination.js","statementMap":{"0":{"start":{"line":1,"column":15},"end":{"line":1,"column":42}},"1":{"start":{"line":2,"column":13},"end":{"line":2,"column":44}},"2":{"start":{"line":3,"column":16},"end":{"line":3,"column":50}},"3":{"start":{"line":4,"column":15},"end":{"line":4,"column":50}},"4":{"start":{"line":11,"column":4},"end":{"line":11,"column":52}},"5":{"start":{"line":13,"column":0},"end":{"line":13,"column":44}},"6":{"start":{"line":14,"column":0},"end":{"line":14,"column":52}},"7":{"start":{"line":15,"column":0},"end":{"line":21,"column":2}},"8":{"start":{"line":22,"column":0},"end":{"line":22,"column":66}},"9":{"start":{"line":23,"column":0},"end":{"line":23,"column":69}},"10":{"start":{"line":25,"column":0},"end":{"line":25,"column":24}}},"fnMap":{},"branchMap":{},"s":{"0":5,"1":5,"2":5,"3":5,"4":5,"5":5,"6":5,"7":5,"8":5,"9":5,"10":5},"f":{},"b":{},"_coverageSchema":"1a1c01bbd47fc00a2c39e90264f33305004495a9","hash":"faaae018f02917c7ad9eb2c788a16d61dd450d3d"}
,"E:\\HERI\\final project\\backEnd\\app\\router\\index.js": {"path":"E:\\HERI\\final project\\backEnd\\app\\router\\index.js","statementMap":{"0":{"start":{"line":1,"column":20},"end":{"line":1,"column":38}},"1":{"start":{"line":2,"column":18},"end":{"line":2,"column":47}},"2":{"start":{"line":3,"column":24},"end":{"line":3,"column":58}},"3":{"start":{"line":4,"column":13},"end":{"line":4,"column":30}},"4":{"start":{"line":5,"column":15},"end":{"line":5,"column":34}},"5":{"start":{"line":6,"column":17},"end":{"line":6,"column":38}},"6":{"start":{"line":7,"column":16},"end":{"line":7,"column":36}},"7":{"start":{"line":8,"column":20},"end":{"line":8,"column":44}},"8":{"start":{"line":9,"column":16},"end":{"line":9,"column":36}},"9":{"start":{"line":11,"column":15},"end":{"line":11,"column":23}},"10":{"start":{"line":13,"column":0},"end":{"line":13,"column":41}},"11":{"start":{"line":14,"column":0},"end":{"line":14,"column":58}},"12":{"start":{"line":16,"column":0},"end":{"line":20,"column":3}},"13":{"start":{"line":17,"column":2},"end":{"line":19,"column":5}},"14":{"start":{"line":22,"column":0},"end":{"line":22,"column":25}},"15":{"start":{"line":23,"column":0},"end":{"line":23,"column":27}},"16":{"start":{"line":24,"column":0},"end":{"line":24,"column":29}},"17":{"start":{"line":25,"column":0},"end":{"line":25,"column":32}},"18":{"start":{"line":26,"column":0},"end":{"line":26,"column":28}},"19":{"start":{"line":27,"column":0},"end":{"line":27,"column":28}},"20":{"start":{"line":29,"column":0},"end":{"line":29,"column":24}}},"fnMap":{"0":{"name":"(anonymous_0)","decl":{"start":{"line":16,"column":16},"end":{"line":16,"column":17}},"loc":{"start":{"line":16,"column":30},"end":{"line":20,"column":1}},"line":16}},"branchMap":{},"s":{"0":5,"1":5,"2":5,"3":5,"4":5,"5":5,"6":5,"7":5,"8":5,"9":5,"10":5,"11":5,"12":5,"13":0,"14":5,"15":5,"16":5,"17":5,"18":5,"19":5,"20":5},"f":{"0":0},"b":{},"_coverageSchema":"1a1c01bbd47fc00a2c39e90264f33305004495a9","hash":"b47a982397d0a7a73012aa311f7a95fabe208c70"}
,"E:\\HERI\\final project\\backEnd\\app\\router\\payment.js": {"path":"E:\\HERI\\final project\\backEnd\\app\\router\\payment.js","statementMap":{"0":{"start":{"line":1,"column":15},"end":{"line":1,"column":42}},"1":{"start":{"line":2,"column":13},"end":{"line":2,"column":44}},"2":{"start":{"line":3,"column":16},"end":{"line":3,"column":50}},"3":{"start":{"line":10,"column":4},"end":{"line":10,"column":47}},"4":{"start":{"line":12,"column":0},"end":{"line":12,"column":42}},"5":{"start":{"line":13,"column":0},"end":{"line":13,"column":50}},"6":{"start":{"line":14,"column":0},"end":{"line":14,"column":52}},"7":{"start":{"line":15,"column":0},"end":{"line":15,"column":58}},"8":{"start":{"line":16,"column":0},"end":{"line":16,"column":61}},"9":{"start":{"line":18,"column":0},"end":{"line":18,"column":24}}},"fnMap":{},"branchMap":{},"s":{"0":5,"1":5,"2":5,"3":5,"4":5,"5":5,"6":5,"7":5,"8":5,"9":5},"f":{},"b":{},"_coverageSchema":"1a1c01bbd47fc00a2c39e90264f33305004495a9","hash":"f598adf07dc6952bd6388a1f0c5c0fc3f3db3486"}
,"E:\\HERI\\final project\\backEnd\\app\\router\\ticket.js": {"path":"E:\\HERI\\final project\\backEnd\\app\\router\\ticket.js","statementMap":{"0":{"start":{"line":1,"column":15},"end":{"line":1,"column":42}},"1":{"start":{"line":2,"column":13},"end":{"line":2,"column":44}},"2":{"start":{"line":3,"column":16},"end":{"line":3,"column":50}},"3":{"start":{"line":11,"column":4},"end":{"line":11,"column":46}},"4":{"start":{"line":13,"column":0},"end":{"line":13,"column":34}},"5":{"start":{"line":14,"column":0},"end":{"line":14,"column":44}},"6":{"start":{"line":15,"column":0},"end":{"line":15,"column":42}},"7":{"start":{"line":16,"column":0},"end":{"line":16,"column":50}},"8":{"start":{"line":17,"column":0},"end":{"line":17,"column":56}},"9":{"start":{"line":18,"column":0},"end":{"line":18,"column":59}},"10":{"start":{"line":20,"column":0},"end":{"line":20,"column":24}}},"fnMap":{},"branchMap":{},"s":{"0":5,"1":5,"2":5,"3":5,"4":5,"5":5,"6":5,"7":5,"8":5,"9":5,"10":5},"f":{},"b":{},"_coverageSchema":"1a1c01bbd47fc00a2c39e90264f33305004495a9","hash":"13b2dd5308f55533b2e47ed81d5515420d6b7db9"}
,"E:\\HERI\\final project\\backEnd\\config\\database.js": {"path":"E:\\HERI\\final project\\backEnd\\config\\database.js","statementMap":{"0":{"start":{"line":1,"column":15},"end":{"line":1,"column":32}},"1":{"start":{"line":3,"column":0},"end":{"line":3,"column":16}},"2":{"start":{"line":4,"column":61},"end":{"line":4,"column":72}},"3":{"start":{"line":6,"column":11},"end":{"line":30,"column":1}},"4":{"start":{"line":31,"column":0},"end":{"line":31,"column":20}}},"fnMap":{},"branchMap":{},"s":{"0":5,"1":5,"2":5,"3":5,"4":5},"f":{},"b":{},"_coverageSchema":"1a1c01bbd47fc00a2c39e90264f33305004495a9","hash":"373ee0821791b289155e9402b9c1609569ed89c1"}
,"E:\\HERI\\final project\\backEnd\\lib\\imageKit.js": {"path":"E:\\HERI\\final project\\backEnd\\lib\\imageKit.js","statementMap":{"0":{"start":{"line":1,"column":17},"end":{"line":1,"column":36}},"1":{"start":{"line":2,"column":15},"end":{"line":2,"column":32}},"2":{"start":{"line":4,"column":0},"end":{"line":4,"column":16}},"3":{"start":{"line":5,"column":17},"end":{"line":9,"column":2}},"4":{"start":{"line":11,"column":0},"end":{"line":11,"column":26}}},"fnMap":{},"branchMap":{},"s":{"0":5,"1":5,"2":5,"3":5,"4":5},"f":{},"b":{},"_coverageSchema":"1a1c01bbd47fc00a2c39e90264f33305004495a9","hash":"6137a5e3b2cb2ba9a6d796c0235a79d43f19909f"}
,"E:\\HERI\\final project\\backEnd\\lib\\nodemailer.js": {"path":"E:\\HERI\\final project\\backEnd\\lib\\nodemailer.js","statementMap":{"0":{"start":{"line":1,"column":19},"end":{"line":1,"column":40}},"1":{"start":{"line":2,"column":15},"end":{"line":2,"column":32}},"2":{"start":{"line":3,"column":17},"end":{"line":3,"column":45}},"3":{"start":{"line":5,"column":0},"end":{"line":5,"column":16}},"4":{"start":{"line":7,"column":20},"end":{"line":15,"column":2}},"5":{"start":{"line":16,"column":17},"end":{"line":29,"column":1}},"6":{"start":{"line":17,"column":18},"end":{"line":23,"column":3}},"7":{"start":{"line":25,"column":2},"end":{"line":28,"column":5}},"8":{"start":{"line":26,"column":4},"end":{"line":26,"column":61}},"9":{"start":{"line":26,"column":13},"end":{"line":26,"column":61}},"10":{"start":{"line":31,"column":0},"end":{"line":31,"column":26}}},"fnMap":{"0":{"name":"(anonymous_0)","decl":{"start":{"line":16,"column":17},"end":{"line":16,"column":18}},"loc":{"start":{"line":16,"column":27},"end":{"line":29,"column":1}},"line":16},"1":{"name":"(anonymous_1)","decl":{"start":{"line":25,"column":32},"end":{"line":25,"column":33}},"loc":{"start":{"line":25,"column":47},"end":{"line":28,"column":3}},"line":25}},"branchMap":{"0":{"loc":{"start":{"line":26,"column":4},"end":{"line":26,"column":61}},"type":"if","locations":[{"start":{"line":26,"column":4},"end":{"line":26,"column":61}},{"start":{},"end":{}}],"line":26}},"s":{"0":5,"1":5,"2":5,"3":5,"4":5,"5":5,"6":0,"7":0,"8":0,"9":0,"10":5},"f":{"0":0,"1":0},"b":{"0":[0,0]},"_coverageSchema":"1a1c01bbd47fc00a2c39e90264f33305004495a9","hash":"a1d442aee5cd175ddb40aa45856a903cc9aab3a1"}
,"E:\\HERI\\final project\\backEnd\\midleware\\auth.js": {"path":"E:\\HERI\\final project\\backEnd\\midleware\\auth.js","statementMap":{"0":{"start":{"line":1,"column":12},"end":{"line":1,"column":35}},"1":{"start":{"line":2,"column":18},"end":{"line":2,"column":42}},"2":{"start":{"line":3,"column":15},"end":{"line":3,"column":32}},"3":{"start":{"line":4,"column":0},"end":{"line":4,"column":16}},"4":{"start":{"line":5,"column":13},"end":{"line":27,"column":1}},"5":{"start":{"line":6,"column":2},"end":{"line":26,"column":3}},"6":{"start":{"line":7,"column":24},"end":{"line":7,"column":49}},"7":{"start":{"line":10,"column":4},"end":{"line":15,"column":5}},"8":{"start":{"line":11,"column":6},"end":{"line":14,"column":9}},"9":{"start":{"line":16,"column":20},"end":{"line":16,"column":67}},"10":{"start":{"line":17,"column":4},"end":{"line":20,"column":7}},"11":{"start":{"line":18,"column":6},"end":{"line":18,"column":26}},"12":{"start":{"line":19,"column":6},"end":{"line":19,"column":13}},"13":{"start":{"line":22,"column":4},"end":{"line":25,"column":7}},"14":{"start":{"line":28,"column":0},"end":{"line":28,"column":22}}},"fnMap":{"0":{"name":"(anonymous_0)","decl":{"start":{"line":5,"column":13},"end":{"line":5,"column":14}},"loc":{"start":{"line":5,"column":33},"end":{"line":27,"column":1}},"line":5},"1":{"name":"(anonymous_1)","decl":{"start":{"line":17,"column":36},"end":{"line":17,"column":37}},"loc":{"start":{"line":17,"column":50},"end":{"line":20,"column":5}},"line":17}},"branchMap":{"0":{"loc":{"start":{"line":10,"column":4},"end":{"line":15,"column":5}},"type":"if","locations":[{"start":{"line":10,"column":4},"end":{"line":15,"column":5}},{"start":{},"end":{}}],"line":10}},"s":{"0":5,"1":5,"2":5,"3":5,"4":5,"5":12,"6":12,"7":12,"8":4,"9":8,"10":0,"11":0,"12":0,"13":8,"14":5},"f":{"0":12,"1":0},"b":{"0":[4,8]},"_coverageSchema":"1a1c01bbd47fc00a2c39e90264f33305004495a9","hash":"358408bad6b34b160d8e5024227224bfcf5d9f0d"}
,"E:\\HERI\\final project\\backEnd\\midleware\\isAdmin.js": {"path":"E:\\HERI\\final project\\backEnd\\midleware\\isAdmin.js","statementMap":{"0":{"start":{"line":1,"column":18},"end":{"line":1,"column":42}},"1":{"start":{"line":3,"column":16},"end":{"line":14,"column":1}},"2":{"start":{"line":4,"column":2},"end":{"line":13,"column":3}},"3":{"start":{"line":5,"column":17},"end":{"line":5,"column":50}},"4":{"start":{"line":6,"column":4},"end":{"line":6,"column":45}},"5":{"start":{"line":6,"column":31},"end":{"line":6,"column":45}},"6":{"start":{"line":7,"column":4},"end":{"line":7,"column":22}},"7":{"start":{"line":9,"column":4},"end":{"line":12,"column":7}},"8":{"start":{"line":15,"column":0},"end":{"line":15,"column":25}}},"fnMap":{"0":{"name":"(anonymous_0)","decl":{"start":{"line":3,"column":16},"end":{"line":3,"column":17}},"loc":{"start":{"line":3,"column":42},"end":{"line":14,"column":1}},"line":3}},"branchMap":{"0":{"loc":{"start":{"line":6,"column":4},"end":{"line":6,"column":45}},"type":"if","locations":[{"start":{"line":6,"column":4},"end":{"line":6,"column":45}},{"start":{},"end":{}}],"line":6}},"s":{"0":5,"1":5,"2":0,"3":0,"4":0,"5":0,"6":0,"7":0,"8":5},"f":{"0":0},"b":{"0":[0,0]},"_coverageSchema":"1a1c01bbd47fc00a2c39e90264f33305004495a9","hash":"e64e772af164b11244937bb9cf0133ade5b13367"}
,"E:\\HERI\\final project\\backEnd\\midleware\\uploader.js": {"path":"E:\\HERI\\final project\\backEnd\\midleware\\uploader.js","statementMap":{"0":{"start":{"line":1,"column":15},"end":{"line":1,"column":32}},"1":{"start":{"line":2,"column":15},"end":{"line":2,"column":23}},"2":{"start":{"line":4,"column":0},"end":{"line":4,"column":24}}},"fnMap":{},"branchMap":{},"s":{"0":5,"1":5,"2":5},"f":{},"b":{},"_coverageSchema":"1a1c01bbd47fc00a2c39e90264f33305004495a9","hash":"bfaf855d13838c1c32ebc0a373b6a350a56fcb61"}
,"E:\\HERI\\final project\\backEnd\\utils\\ApiError.js": {"path":"E:\\HERI\\final project\\backEnd\\utils\\ApiError.js","statementMap":{"0":{"start":{"line":3,"column":4},"end":{"line":3,"column":19}},"1":{"start":{"line":4,"column":4},"end":{"line":4,"column":33}},"2":{"start":{"line":8,"column":0},"end":{"line":8,"column":26}}},"fnMap":{"0":{"name":"(anonymous_0)","decl":{"start":{"line":2,"column":2},"end":{"line":2,"column":3}},"loc":{"start":{"line":2,"column":35},"end":{"line":5,"column":3}},"line":2}},"branchMap":{},"s":{"0":3,"1":3,"2":5},"f":{"0":3},"b":{},"_coverageSchema":"1a1c01bbd47fc00a2c39e90264f33305004495a9","hash":"18a18454d493a8c696380b8f710cfc2976bdb782"}
,"E:\\HERI\\final project\\backEnd\\utils\\emailValidation.js": {"path":"E:\\HERI\\final project\\backEnd\\utils\\emailValidation.js","statementMap":{"0":{"start":{"line":2,"column":2},"end":{"line":2,"column":130}},"1":{"start":{"line":4,"column":21},"end":{"line":22,"column":1}},"2":{"start":{"line":5,"column":2},"end":{"line":5,"column":27}},"3":{"start":{"line":5,"column":14},"end":{"line":5,"column":27}},"4":{"start":{"line":7,"column":21},"end":{"line":7,"column":37}},"5":{"start":{"line":8,"column":2},"end":{"line":8,"column":44}},"6":{"start":{"line":8,"column":31},"end":{"line":8,"column":44}},"7":{"start":{"line":10,"column":18},"end":{"line":10,"column":31}},"8":{"start":{"line":11,"column":18},"end":{"line":11,"column":31}},"9":{"start":{"line":13,"column":2},"end":{"line":13,"column":40}},"10":{"start":{"line":13,"column":27},"end":{"line":13,"column":40}},"11":{"start":{"line":14,"column":2},"end":{"line":14,"column":41}},"12":{"start":{"line":14,"column":28},"end":{"line":14,"column":41}},"13":{"start":{"line":16,"column":22},"end":{"line":16,"column":40}},"14":{"start":{"line":17,"column":2},"end":{"line":17,"column":65}},"15":{"start":{"line":17,"column":33},"end":{"line":17,"column":49}},"16":{"start":{"line":17,"column":52},"end":{"line":17,"column":65}},"17":{"start":{"line":19,"column":2},"end":{"line":19,"column":44}},"18":{"start":{"line":19,"column":31},"end":{"line":19,"column":44}},"19":{"start":{"line":21,"column":2},"end":{"line":21,"column":14}},"20":{"start":{"line":24,"column":0},"end":{"line":24,"column":30}}},"fnMap":{"0":{"name":"(anonymous_0)","decl":{"start":{"line":4,"column":21},"end":{"line":4,"column":22}},"loc":{"start":{"line":4,"column":32},"end":{"line":22,"column":1}},"line":4},"1":{"name":"(anonymous_1)","decl":{"start":{"line":17,"column":23},"end":{"line":17,"column":24}},"loc":{"start":{"line":17,"column":33},"end":{"line":17,"column":49}},"line":17}},"branchMap":{"0":{"loc":{"start":{"line":5,"column":2},"end":{"line":5,"column":27}},"type":"if","locations":[{"start":{"line":5,"column":2},"end":{"line":5,"column":27}},{"start":{},"end":{}}],"line":5},"1":{"loc":{"start":{"line":8,"column":2},"end":{"line":8,"column":44}},"type":"if","locations":[{"start":{"line":8,"column":2},"end":{"line":8,"column":44}},{"start":{},"end":{}}],"line":8},"2":{"loc":{"start":{"line":13,"column":2},"end":{"line":13,"column":40}},"type":"if","locations":[{"start":{"line":13,"column":2},"end":{"line":13,"column":40}},{"start":{},"end":{}}],"line":13},"3":{"loc":{"start":{"line":14,"column":2},"end":{"line":14,"column":41}},"type":"if","locations":[{"start":{"line":14,"column":2},"end":{"line":14,"column":41}},{"start":{},"end":{}}],"line":14},"4":{"loc":{"start":{"line":17,"column":2},"end":{"line":17,"column":65}},"type":"if","locations":[{"start":{"line":17,"column":2},"end":{"line":17,"column":65}},{"start":{},"end":{}}],"line":17},"5":{"loc":{"start":{"line":19,"column":2},"end":{"line":19,"column":44}},"type":"if","locations":[{"start":{"line":19,"column":2},"end":{"line":19,"column":44}},{"start":{},"end":{}}],"line":19}},"s":{"0":5,"1":5,"2":1,"3":0,"4":1,"5":1,"6":0,"7":1,"8":1,"9":1,"10":0,"11":1,"12":0,"13":1,"14":1,"15":2,"16":0,"17":1,"18":0,"19":1,"20":5},"f":{"0":1,"1":2},"b":{"0":[0,1],"1":[0,1],"2":[0,1],"3":[0,1],"4":[0,1],"5":[0,1]},"_coverageSchema":"1a1c01bbd47fc00a2c39e90264f33305004495a9","hash":"6c7d88a83402b7b5df141716588b2f50d5becccb"}
}
