TN:
SF:index.js
FNF:0
FNH:0
DA:1,5
DA:2,5
DA:4,5
DA:7,5
DA:10,5
DA:15,5
DA:16,5
DA:17,5
DA:20,5
LF:9
LH:9
BRF:0
BRH:0
end_of_record
TN:
SF:app\controllers\airplaneController.js
FN:3,(anonymous_0)
FN:17,(anonymous_1)
FN:32,(anonymous_2)
FN:46,(anonymous_3)
FN:60,(anonymous_4)
FNF:5
FNH:2
FNDA:1,(anonymous_0)
FNDA:1,(anonymous_1)
FNDA:0,(anonymous_2)
FNDA:0,(anonymous_3)
FNDA:0,(anonymous_4)
DA:1,5
DA:3,5
DA:4,1
DA:5,1
DA:6,1
DA:11,0
DA:17,5
DA:18,1
DA:19,1
DA:20,1
DA:21,1
DA:26,0
DA:32,5
DA:33,0
DA:34,0
DA:35,0
DA:40,0
DA:46,5
DA:47,0
DA:48,0
DA:49,0
DA:50,0
DA:54,0
DA:60,5
DA:61,0
DA:62,0
DA:63,0
DA:64,0
DA:68,0
DA:74,5
LF:30
LH:14
BRDA:11,0,0,0
BRDA:11,0,1,0
BRDA:26,1,0,0
BRDA:26,1,1,0
BRDA:40,2,0,0
BRDA:40,2,1,0
BRDA:54,3,0,0
BRDA:54,3,1,0
BRDA:68,4,0,0
BRDA:68,4,1,0
BRF:10
BRH:0
end_of_record
TN:
SF:app\controllers\airportController.js
FN:3,(anonymous_0)
FN:17,(anonymous_1)
FN:31,(anonymous_2)
FN:45,(anonymous_3)
FN:59,(anonymous_4)
FNF:5
FNH:2
FNDA:1,(anonymous_0)
FNDA:1,(anonymous_1)
FNDA:0,(anonymous_2)
FNDA:0,(anonymous_3)
FNDA:0,(anonymous_4)
DA:1,5
DA:3,5
DA:4,1
DA:5,1
DA:6,1
DA:11,0
DA:17,5
DA:18,1
DA:19,1
DA:20,1
DA:21,1
DA:25,0
DA:31,5
DA:32,0
DA:33,0
DA:34,0
DA:39,0
DA:45,5
DA:46,0
DA:47,0
DA:48,0
DA:49,0
DA:53,0
DA:59,5
DA:60,0
DA:61,0
DA:62,0
DA:63,0
DA:67,0
DA:73,5
LF:30
LH:14
BRDA:11,0,0,0
BRDA:11,0,1,0
BRDA:25,1,0,0
BRDA:25,1,1,0
BRDA:39,2,0,0
BRDA:39,2,1,0
BRDA:53,3,0,0
BRDA:53,3,1,0
BRDA:67,4,0,0
BRDA:67,4,1,0
BRF:10
BRH:0
end_of_record
TN:
SF:app\controllers\authController.js
FN:14,(anonymous_0)
FN:48,(anonymous_1)
FN:123,(anonymous_2)
FN:154,(anonymous_3)
FN:204,(anonymous_4)
FNF:5
FNH:2
FNDA:3,(anonymous_0)
FNDA:1,(anonymous_1)
FNDA:0,(anonymous_2)
FNDA:0,(anonymous_3)
FNDA:0,(anonymous_4)
DA:1,5
DA:2,5
DA:3,5
DA:4,5
DA:5,5
DA:6,5
DA:7,5
DA:8,5
DA:9,5
DA:11,5
DA:12,5
DA:14,5
DA:15,3
DA:16,3
DA:17,3
DA:19,3
DA:20,2
DA:21,1
DA:24,1
DA:25,1
DA:26,1
DA:28,1
DA:34,1
DA:42,2
DA:48,5
DA:49,1
DA:62,1
DA:64,1
DA:65,1
DA:67,1
DA:68,1
DA:69,1
DA:70,1
DA:71,1
DA:72,1
DA:73,1
DA:74,0
DA:75,0
DA:76,0
DA:79,0
DA:81,0
DA:96,0
DA:97,0
DA:98,0
DA:103,0
DA:109,0
DA:111,0
DA:117,1
DA:123,5
DA:124,0
DA:125,0
DA:126,0
DA:129,0
DA:130,0
DA:131,0
DA:132,0
DA:134,0
DA:142,0
DA:147,0
DA:154,5
DA:155,0
DA:156,0
DA:158,0
DA:160,0
DA:164,0
DA:165,0
DA:170,0
DA:171,0
DA:174,0
DA:179,0
DA:191,0
DA:192,0
DA:198,0
DA:204,5
DA:205,0
DA:206,0
DA:207,0
DA:208,0
DA:212,0
DA:218,5
LF:80
LH:41
BRDA:16,0,0,0
BRDA:16,1,0,0
BRDA:19,2,0,1
BRDA:19,2,1,2
BRDA:20,3,0,1
BRDA:20,3,1,1
BRDA:25,4,0,0
BRDA:25,4,1,1
BRDA:26,5,0,1
BRDA:26,5,1,0
BRDA:42,6,0,2
BRDA:42,6,1,0
BRDA:68,7,0,0
BRDA:68,7,1,1
BRDA:69,8,0,0
BRDA:69,8,1,1
BRDA:70,9,0,0
BRDA:70,9,1,1
BRDA:71,10,0,0
BRDA:71,10,1,1
BRDA:72,11,0,0
BRDA:72,11,1,1
BRDA:73,12,0,1
BRDA:73,12,1,0
BRDA:74,13,0,0
BRDA:74,13,1,0
BRDA:75,14,0,0
BRDA:75,14,1,0
BRDA:117,15,0,1
BRDA:117,15,1,0
BRDA:131,16,0,0
BRDA:131,16,1,0
BRDA:147,17,0,0
BRDA:147,17,1,0
BRDA:158,18,0,0
BRDA:158,18,1,0
BRDA:160,19,0,0
BRDA:160,19,1,0
BRDA:160,19,2,0
BRDA:160,19,3,0
BRDA:164,20,0,0
BRDA:164,20,1,0
BRDA:191,21,0,0
BRDA:191,21,1,0
BRDA:212,22,0,0
BRDA:212,22,1,0
BRF:46
BRH:14
end_of_record
TN:
SF:app\controllers\destinationControoller.js
FN:4,(anonymous_0)
FN:19,(anonymous_1)
FN:33,(anonymous_2)
FN:41,(anonymous_3)
FN:85,(anonymous_4)
FN:94,(anonymous_5)
FN:139,(anonymous_6)
FNF:7
FNH:2
FNDA:1,(anonymous_0)
FNDA:1,(anonymous_1)
FNDA:0,(anonymous_2)
FNDA:0,(anonymous_3)
FNDA:0,(anonymous_4)
FNDA:0,(anonymous_5)
FNDA:0,(anonymous_6)
DA:1,5
DA:2,5
DA:4,5
DA:5,1
DA:6,1
DA:9,1
DA:13,0
DA:19,5
DA:20,1
DA:21,1
DA:22,1
DA:23,1
DA:27,0
DA:33,5
DA:34,0
DA:35,0
DA:36,0
DA:37,0
DA:39,0
DA:43,0
DA:47,0
DA:48,0
DA:54,0
DA:55,0
DA:58,0
DA:63,0
DA:67,0
DA:74,0
DA:79,0
DA:85,5
DA:86,0
DA:87,0
DA:88,0
DA:89,0
DA:90,0
DA:92,0
DA:96,0
DA:100,0
DA:101,0
DA:107,0
DA:108,0
DA:111,0
DA:116,0
DA:119,0
DA:129,0
DA:133,0
DA:139,5
DA:140,0
DA:141,0
DA:142,0
DA:143,0
DA:147,0
DA:153,5
LF:53
LH:15
BRDA:13,0,0,0
BRDA:13,0,1,0
BRDA:27,1,0,0
BRDA:27,1,1,0
BRDA:43,2,0,0
BRDA:43,2,1,0
BRDA:43,2,2,0
BRDA:43,2,3,0
BRDA:47,3,0,0
BRDA:47,3,1,0
BRDA:79,4,0,0
BRDA:79,4,1,0
BRDA:96,5,0,0
BRDA:96,5,1,0
BRDA:96,5,2,0
BRDA:96,5,3,0
BRDA:100,6,0,0
BRDA:100,6,1,0
BRDA:133,7,0,0
BRDA:133,7,1,0
BRDA:147,8,0,0
BRDA:147,8,1,0
BRF:22
BRH:0
end_of_record
TN:
SF:app\controllers\paymentController.js
FN:3,(anonymous_0)
FN:17,(anonymous_1)
FN:31,(anonymous_2)
FN:45,(anonymous_3)
FN:59,(anonymous_4)
FNF:5
FNH:0
FNDA:0,(anonymous_0)
FNDA:0,(anonymous_1)
FNDA:0,(anonymous_2)
FNDA:0,(anonymous_3)
FNDA:0,(anonymous_4)
DA:1,5
DA:3,5
DA:4,0
DA:5,0
DA:6,0
DA:11,0
DA:17,5
DA:18,0
DA:19,0
DA:20,0
DA:21,0
DA:25,0
DA:31,5
DA:32,0
DA:33,0
DA:34,0
DA:39,0
DA:45,5
DA:46,0
DA:47,0
DA:48,0
DA:49,0
DA:53,0
DA:59,5
DA:60,0
DA:61,0
DA:62,0
DA:63,0
DA:67,0
DA:73,5
LF:30
LH:7
BRDA:11,0,0,0
BRDA:11,0,1,0
BRDA:25,1,0,0
BRDA:25,1,1,0
BRDA:39,2,0,0
BRDA:39,2,1,0
BRDA:53,3,0,0
BRDA:53,3,1,0
BRDA:67,4,0,0
BRDA:67,4,1,0
BRF:10
BRH:0
end_of_record
TN:
SF:app\controllers\ticketController.js
FN:3,(anonymous_0)
FN:34,(anonymous_1)
FN:106,(anonymous_2)
FN:143,(anonymous_3)
FN:157,(anonymous_4)
FN:171,(anonymous_5)
FNF:6
FNH:2
FNDA:1,(anonymous_0)
FNDA:0,(anonymous_1)
FNDA:1,(anonymous_2)
FNDA:0,(anonymous_3)
FNDA:0,(anonymous_4)
FNDA:0,(anonymous_5)
DA:1,5
DA:3,5
DA:4,1
DA:5,1
DA:24,1
DA:28,0
DA:34,5
DA:35,0
DA:36,0
DA:37,0
DA:63,0
DA:64,0
DA:69,0
DA:95,0
DA:101,0
DA:106,5
DA:107,1
DA:108,1
DA:109,1
DA:133,1
DA:137,0
DA:143,5
DA:144,0
DA:145,0
DA:146,0
DA:151,0
DA:157,5
DA:158,0
DA:159,0
DA:160,0
DA:161,0
DA:165,0
DA:171,5
DA:172,0
DA:173,0
DA:174,0
DA:175,0
DA:179,0
DA:185,5
LF:39
LH:15
BRDA:28,0,0,0
BRDA:28,0,1,0
BRDA:63,1,0,0
BRDA:63,1,1,0
BRDA:101,2,0,0
BRDA:101,2,1,0
BRDA:137,3,0,0
BRDA:137,3,1,0
BRDA:151,4,0,0
BRDA:151,4,1,0
BRDA:165,5,0,0
BRDA:165,5,1,0
BRDA:179,6,0,0
BRDA:179,6,1,0
BRF:14
BRH:0
end_of_record
TN:
SF:app\models\airplane.js
FN:5,(anonymous_0)
FN:12,(anonymous_1)
FNF:2
FNH:2
FNDA:5,(anonymous_0)
FNDA:5,(anonymous_1)
DA:4,5
DA:5,5
DA:14,5
DA:17,5
DA:25,5
LF:5
LH:5
BRF:0
BRH:0
end_of_record
TN:
SF:app\models\airport.js
FN:5,(anonymous_0)
FN:12,(anonymous_1)
FNF:2
FNH:2
FNDA:5,(anonymous_0)
FNDA:5,(anonymous_1)
DA:4,5
DA:5,5
DA:14,5
DA:15,5
DA:16,5
DA:17,5
DA:20,5
DA:28,5
LF:8
LH:8
BRF:0
BRH:0
end_of_record
TN:
SF:app\models\destination.js
FN:5,(anonymous_0)
FN:12,(anonymous_1)
FNF:2
FNH:2
FNDA:5,(anonymous_0)
FNDA:5,(anonymous_1)
DA:4,5
DA:5,5
DA:14,5
DA:15,5
DA:18,5
DA:28,5
LF:6
LH:6
BRF:0
BRH:0
end_of_record
TN:
SF:app\models\history.js
FN:5,(anonymous_0)
FN:12,(anonymous_1)
FNF:2
FNH:2
FNDA:5,(anonymous_0)
FNDA:5,(anonymous_1)
DA:4,5
DA:5,5
DA:14,5
DA:15,5
DA:18,5
DA:25,5
LF:6
LH:6
BRF:0
BRH:0
end_of_record
TN:
SF:app\models\index.js
FN:21,(anonymous_0)
FN:24,(anonymous_1)
FN:29,(anonymous_2)
FNF:3
FNH:3
FNDA:60,(anonymous_0)
FNDA:55,(anonymous_1)
FNDA:55,(anonymous_2)
DA:3,5
DA:4,5
DA:5,5
DA:6,5
DA:7,5
DA:8,5
DA:9,5
DA:10,5
DA:13,5
DA:14,0
DA:16,5
DA:19,5
DA:22,60
DA:25,55
DA:26,55
DA:29,5
DA:30,55
DA:31,55
DA:35,5
DA:36,5
DA:38,5
LF:21
LH:20
BRDA:8,0,0,5
BRDA:8,0,1,0
BRDA:13,1,0,0
BRDA:13,1,1,5
BRDA:22,2,0,60
BRDA:22,2,1,60
BRDA:22,2,2,55
BRDA:30,3,0,55
BRDA:30,3,1,0
BRF:9
BRH:6
end_of_record
TN:
SF:app\models\order.js
FN:3,(anonymous_0)
FN:10,(anonymous_1)
FNF:2
FNH:2
FNDA:5,(anonymous_0)
FNDA:5,(anonymous_1)
DA:2,5
DA:3,5
DA:12,5
DA:13,5
DA:16,5
DA:34,5
LF:6
LH:6
BRF:0
BRH:0
end_of_record
TN:
SF:app\models\payment.js
FN:5,(anonymous_0)
FN:12,(anonymous_1)
FNF:2
FNH:2
FNDA:5,(anonymous_0)
FNDA:5,(anonymous_1)
DA:4,5
DA:5,5
DA:14,5
DA:17,5
DA:25,5
LF:5
LH:5
BRF:0
BRH:0
end_of_record
TN:
SF:app\models\ticket.js
FN:3,(anonymous_0)
FN:10,(anonymous_1)
FNF:2
FNH:2
FNDA:5,(anonymous_0)
FNDA:5,(anonymous_1)
DA:2,5
DA:3,5
DA:12,5
DA:13,5
DA:14,5
DA:15,5
DA:16,5
DA:22,5
DA:46,5
LF:9
LH:9
BRF:0
BRH:0
end_of_record
TN:
SF:app\models\transaction.js
FN:3,(anonymous_0)
FN:10,(anonymous_1)
FNF:2
FNH:2
FNDA:5,(anonymous_0)
FNDA:5,(anonymous_1)
DA:2,5
DA:3,5
DA:12,5
DA:13,5
DA:14,5
DA:15,5
DA:18,5
DA:32,5
LF:8
LH:8
BRF:0
BRH:0
end_of_record
TN:
SF:app\models\user.js
FN:3,(anonymous_0)
FN:10,(anonymous_1)
FNF:2
FNH:2
FNDA:5,(anonymous_0)
FNDA:5,(anonymous_1)
DA:2,5
DA:3,5
DA:12,5
DA:13,5
DA:16,5
DA:44,5
LF:6
LH:6
BRF:0
BRH:0
end_of_record
TN:
SF:app\models\verify.js
FN:3,(anonymous_0)
FN:10,(anonymous_1)
FNF:2
FNH:2
FNDA:5,(anonymous_0)
FNDA:5,(anonymous_1)
DA:2,5
DA:3,5
DA:14,5
DA:25,5
LF:4
LH:4
BRF:0
BRH:0
end_of_record
TN:
SF:app\models\wishlist.js
FN:5,(anonymous_0)
FN:12,(anonymous_1)
FNF:2
FNH:2
FNDA:5,(anonymous_0)
FNDA:5,(anonymous_1)
DA:4,5
DA:5,5
DA:14,5
DA:15,5
DA:18,5
DA:25,5
LF:6
LH:6
BRF:0
BRH:0
end_of_record
TN:
SF:app\router\airplane.js
FNF:0
FNH:0
DA:1,5
DA:2,5
DA:3,5
DA:10,5
DA:12,5
DA:13,5
DA:14,5
DA:15,5
DA:16,5
DA:18,5
LF:10
LH:10
BRF:0
BRH:0
end_of_record
TN:
SF:app\router\airport.js
FNF:0
FNH:0
DA:1,5
DA:2,5
DA:3,5
DA:10,5
DA:12,5
DA:13,5
DA:14,5
DA:15,5
DA:16,5
DA:18,5
LF:10
LH:10
BRF:0
BRH:0
end_of_record
TN:
SF:app\router\auth.js
FNF:0
FNH:0
DA:1,5
DA:2,5
DA:3,5
DA:10,5
DA:12,5
DA:13,5
DA:14,5
DA:15,5
DA:16,5
DA:18,5
LF:10
LH:10
BRF:0
BRH:0
end_of_record
TN:
SF:app\router\destination.js
FNF:0
FNH:0
DA:1,5
DA:2,5
DA:3,5
DA:4,5
DA:11,5
DA:13,5
DA:14,5
DA:15,5
DA:22,5
DA:23,5
DA:25,5
LF:11
LH:11
BRF:0
BRH:0
end_of_record
TN:
SF:app\router\index.js
FN:16,(anonymous_0)
FNF:1
FNH:0
FNDA:0,(anonymous_0)
DA:1,5
DA:2,5
DA:3,5
DA:4,5
DA:5,5
DA:6,5
DA:7,5
DA:8,5
DA:9,5
DA:11,5
DA:13,5
DA:14,5
DA:16,5
DA:17,0
DA:22,5
DA:23,5
DA:24,5
DA:25,5
DA:26,5
DA:27,5
DA:29,5
LF:21
LH:20
BRF:0
BRH:0
end_of_record
TN:
SF:app\router\payment.js
FNF:0
FNH:0
DA:1,5
DA:2,5
DA:3,5
DA:10,5
DA:12,5
DA:13,5
DA:14,5
DA:15,5
DA:16,5
DA:18,5
LF:10
LH:10
BRF:0
BRH:0
end_of_record
TN:
SF:app\router\ticket.js
FNF:0
FNH:0
DA:1,5
DA:2,5
DA:3,5
DA:11,5
DA:13,5
DA:14,5
DA:15,5
DA:16,5
DA:17,5
DA:18,5
DA:20,5
LF:11
LH:11
BRF:0
BRH:0
end_of_record
TN:
SF:config\database.js
FNF:0
FNH:0
DA:1,5
DA:3,5
DA:4,5
DA:6,5
DA:31,5
LF:5
LH:5
BRF:0
BRH:0
end_of_record
TN:
SF:lib\imageKit.js
FNF:0
FNH:0
DA:1,5
DA:2,5
DA:4,5
DA:5,5
DA:11,5
LF:5
LH:5
BRF:0
BRH:0
end_of_record
TN:
SF:lib\nodemailer.js
FN:16,(anonymous_0)
FN:25,(anonymous_1)
FNF:2
FNH:0
FNDA:0,(anonymous_0)
FNDA:0,(anonymous_1)
DA:1,5
DA:2,5
DA:3,5
DA:5,5
DA:7,5
DA:16,5
DA:17,0
DA:25,0
DA:26,0
DA:31,5
LF:10
LH:7
BRDA:26,0,0,0
BRDA:26,0,1,0
BRF:2
BRH:0
end_of_record
TN:
SF:midleware\auth.js
FN:5,(anonymous_0)
FN:17,(anonymous_1)
FNF:2
FNH:1
FNDA:12,(anonymous_0)
FNDA:0,(anonymous_1)
DA:1,5
DA:2,5
DA:3,5
DA:4,5
DA:5,5
DA:6,12
DA:7,12
DA:10,12
DA:11,4
DA:16,8
DA:17,0
DA:18,0
DA:19,0
DA:22,8
DA:28,5
LF:15
LH:12
BRDA:10,0,0,4
BRDA:10,0,1,8
BRF:2
BRH:2
end_of_record
TN:
SF:midleware\isAdmin.js
FN:3,(anonymous_0)
FNF:1
FNH:0
FNDA:0,(anonymous_0)
DA:1,5
DA:3,5
DA:4,0
DA:5,0
DA:6,0
DA:7,0
DA:9,0
DA:15,5
LF:8
LH:3
BRDA:6,0,0,0
BRDA:6,0,1,0
BRF:2
BRH:0
end_of_record
TN:
SF:midleware\uploader.js
FNF:0
FNH:0
DA:1,5
DA:2,5
DA:4,5
LF:3
LH:3
BRF:0
BRH:0
end_of_record
TN:
SF:utils\ApiError.js
FN:2,(anonymous_0)
FNF:1
FNH:1
FNDA:3,(anonymous_0)
DA:3,3
DA:4,3
DA:8,5
LF:3
LH:3
BRF:0
BRH:0
end_of_record
TN:
SF:utils\emailValidation.js
FN:4,(anonymous_0)
FN:17,(anonymous_1)
FNF:2
FNH:2
FNDA:1,(anonymous_0)
FNDA:2,(anonymous_1)
DA:2,5
DA:4,5
DA:5,1
DA:7,1
DA:8,1
DA:10,1
DA:11,1
DA:13,1
DA:14,1
DA:16,1
DA:17,2
DA:19,1
DA:21,1
DA:24,5
LF:14
LH:14
BRDA:5,0,0,0
BRDA:5,0,1,1
BRDA:8,1,0,0
BRDA:8,1,1,1
BRDA:13,2,0,0
BRDA:13,2,1,1
BRDA:14,3,0,0
BRDA:14,3,1,1
BRDA:17,4,0,0
BRDA:17,4,1,1
BRDA:19,5,0,0
BRDA:19,5,1,1
BRF:12
BRH:6
end_of_record
